<?xml version="1.0" encoding="UTF-8"?>
<coverage generated="1617965694537" clover="3.2.0">
  <project timestamp="1617965694537" name="All files">
    <metrics statements="338" coveredstatements="321" conditionals="59" coveredconditionals="58" methods="187" coveredmethods="178" elements="584" coveredelements="557" complexity="0" loc="338" ncloc="338" packages="1" files="7" classes="7"/>
    <file name="base.ts" path="/Users/yuta/work/engine/firestore-rules/packages/core/src/base.ts">
      <metrics statements="45" coveredstatements="44" conditionals="27" coveredconditionals="26" methods="16" coveredmethods="16"/>
      <line num="11" count="6" type="stmt"/>
      <line num="13" count="1" type="stmt"/>
      <line num="17" count="6" type="stmt"/>
      <line num="19" count="1" type="stmt"/>
      <line num="23" count="6" type="stmt"/>
      <line num="24" count="984" type="stmt"/>
      <line num="25" count="984" type="stmt"/>
      <line num="29" count="942" type="stmt"/>
      <line num="35" count="265" type="stmt"/>
      <line num="40" count="137" type="stmt"/>
      <line num="46" count="66" type="stmt"/>
      <line num="51" count="4" type="stmt"/>
      <line num="57" count="2" type="stmt"/>
      <line num="61" count="6" type="stmt"/>
      <line num="102" count="150" type="cond" truecount="2" falsecount="0"/>
      <line num="103" count="140" type="cond" truecount="2" falsecount="0"/>
      <line num="107" count="139" type="stmt"/>
      <line num="108" count="139" type="stmt"/>
      <line num="110" count="1" type="stmt"/>
      <line num="114" count="10" type="cond" truecount="2" falsecount="0"/>
      <line num="115" count="6" type="cond" truecount="4" falsecount="0"/>
      <line num="116" count="5" type="stmt"/>
      <line num="117" count="5" type="stmt"/>
      <line num="119" count="1" type="stmt"/>
      <line num="124" count="4" type="cond" truecount="2" falsecount="0"/>
      <line num="129" count="3" type="stmt"/>
      <line num="130" count="3" type="stmt"/>
      <line num="132" count="1" type="stmt"/>
      <line num="140" count="142" type="cond" truecount="2" falsecount="0"/>
      <line num="141" count="134" type="cond" truecount="2" falsecount="0"/>
      <line num="142" count="67" type="stmt"/>
      <line num="144" count="67" type="stmt"/>
      <line num="147" count="8" type="cond" truecount="2" falsecount="0"/>
      <line num="148" count="5" type="stmt"/>
      <line num="150" count="3" type="cond" truecount="1" falsecount="1"/>
      <line num="151" count="3" type="stmt"/>
      <line num="154" count="0" type="stmt"/>
      <line num="158" count="6" type="stmt"/>
      <line num="160" count="359" type="stmt"/>
      <line num="164" count="329" type="stmt"/>
      <line num="170" count="6" type="stmt"/>
      <line num="171" count="102" type="stmt"/>
      <line num="172" count="102" type="stmt"/>
      <line num="174" count="102" type="stmt"/>
      <line num="179" count="6" type="stmt"/>
    </file>
    <file name="condition.ts" path="/Users/yuta/work/engine/firestore-rules/packages/core/src/condition.ts">
      <metrics statements="9" coveredstatements="9" conditionals="2" coveredconditionals="2" methods="8" coveredmethods="8"/>
      <line num="1" count="4" type="stmt"/>
      <line num="7" count="4" type="stmt"/>
      <line num="13" count="30" type="stmt"/>
      <line num="14" count="30" type="stmt"/>
      <line num="26" count="12" type="stmt"/>
      <line num="27" count="30" type="stmt"/>
      <line num="32" count="3" type="stmt"/>
      <line num="34" count="3" type="stmt"/>
      <line num="35" count="6" type="cond" truecount="2" falsecount="0"/>
    </file>
    <file name="functions.ts" path="/Users/yuta/work/engine/firestore-rules/packages/core/src/functions.ts">
      <metrics statements="31" coveredstatements="31" conditionals="2" coveredconditionals="2" methods="12" coveredmethods="12"/>
      <line num="1" count="2" type="stmt"/>
      <line num="9" count="2" type="stmt"/>
      <line num="20" count="2" type="stmt"/>
      <line num="21" count="2" type="stmt"/>
      <line num="26" count="2" type="stmt"/>
      <line num="29" count="3" type="stmt"/>
      <line num="34" count="2" type="stmt"/>
      <line num="37" count="3" type="stmt"/>
      <line num="42" count="2" type="stmt"/>
      <line num="49" count="4" type="stmt"/>
      <line num="54" count="2" type="stmt"/>
      <line num="55" count="1" type="stmt"/>
      <line num="60" count="2" type="stmt"/>
      <line num="64" count="9" type="stmt"/>
      <line num="65" count="9" type="stmt"/>
      <line num="66" count="9" type="stmt"/>
      <line num="68" count="9" type="stmt"/>
      <line num="71" count="9" type="stmt"/>
      <line num="77" count="14" type="cond" truecount="2" falsecount="0"/>
      <line num="78" count="1" type="stmt"/>
      <line num="82" count="2" type="stmt"/>
      <line num="86" count="13" type="stmt"/>
      <line num="87" count="13" type="stmt"/>
      <line num="91" count="2" type="stmt"/>
      <line num="94" count="14" type="stmt"/>
      <line num="97" count="5" type="stmt"/>
      <line num="98" count="5" type="stmt"/>
      <line num="109" count="2" type="stmt"/>
      <line num="113" count="8" type="stmt"/>
      <line num="114" count="8" type="stmt"/>
      <line num="118" count="8" type="stmt"/>
    </file>
    <file name="index.ts" path="/Users/yuta/work/engine/firestore-rules/packages/core/src/index.ts">
      <metrics statements="6" coveredstatements="0" conditionals="0" coveredconditionals="0" methods="0" coveredmethods="0"/>
      <line num="1" count="0" type="stmt"/>
      <line num="2" count="0" type="stmt"/>
      <line num="3" count="0" type="stmt"/>
      <line num="4" count="0" type="stmt"/>
      <line num="5" count="0" type="stmt"/>
      <line num="6" count="0" type="stmt"/>
    </file>
    <file name="literal.ts" path="/Users/yuta/work/engine/firestore-rules/packages/core/src/literal.ts">
      <metrics statements="172" coveredstatements="162" conditionals="26" coveredconditionals="26" methods="119" coveredmethods="110"/>
      <line num="1" count="5" type="stmt"/>
      <line num="12" count="5" type="stmt"/>
      <line num="14" count="12" type="cond" truecount="2" falsecount="0"/>
      <line num="23" count="5" type="stmt"/>
      <line num="25" count="77" type="cond" truecount="2" falsecount="0"/>
      <line num="26" count="69" type="stmt"/>
      <line num="28" count="8" type="cond" truecount="2" falsecount="0"/>
      <line num="39" count="5" type="stmt"/>
      <line num="41" count="0" type="stmt"/>
      <line num="42" count="0" type="stmt"/>
      <line num="46" count="0" type="stmt"/>
      <line num="50" count="0" type="stmt"/>
      <line num="53" count="0" type="stmt"/>
      <line num="62" count="5" type="stmt"/>
      <line num="64" count="1" type="stmt"/>
      <line num="67" count="1" type="stmt"/>
      <line num="76" count="5" type="stmt"/>
      <line num="78" count="15" type="cond" truecount="2" falsecount="0"/>
      <line num="79" count="11" type="stmt"/>
      <line num="81" count="4" type="stmt"/>
      <line num="95" count="5" type="stmt"/>
      <line num="97" count="86" type="cond" truecount="2" falsecount="0"/>
      <line num="98" count="45" type="stmt"/>
      <line num="100" count="41" type="cond" truecount="2" falsecount="0"/>
      <line num="101" count="1" type="stmt"/>
      <line num="102" count="1" type="stmt"/>
      <line num="104" count="40" type="stmt"/>
      <line num="114" count="5" type="stmt"/>
      <line num="116" count="1" type="stmt"/>
      <line num="120" count="1" type="stmt"/>
      <line num="124" count="1" type="stmt"/>
      <line num="133" count="5" type="stmt"/>
      <line num="138" count="26" type="cond" truecount="2" falsecount="0"/>
      <line num="139" count="10" type="stmt"/>
      <line num="140" count="10" type="stmt"/>
      <line num="142" count="46" type="stmt"/>
      <line num="143" count="16" type="stmt"/>
      <line num="153" count="2" type="cond" truecount="2" falsecount="0"/>
      <line num="154" count="1" type="stmt"/>
      <line num="159" count="1" type="stmt"/>
      <line num="163" count="1" type="stmt"/>
      <line num="169" count="1" type="stmt"/>
      <line num="173" count="1" type="stmt"/>
      <line num="177" count="1" type="stmt"/>
      <line num="181" count="1" type="stmt"/>
      <line num="187" count="1" type="stmt"/>
      <line num="193" count="1" type="stmt"/>
      <line num="197" count="1" type="stmt"/>
      <line num="208" count="5" type="stmt"/>
      <line num="210" count="1" type="stmt"/>
      <line num="214" count="70" type="stmt"/>
      <line num="218" count="1" type="stmt"/>
      <line num="227" count="2" type="stmt"/>
      <line num="228" count="2" type="stmt"/>
      <line num="232" count="1" type="stmt"/>
      <line num="236" count="2" type="stmt"/>
      <line num="240" count="1" type="stmt"/>
      <line num="249" count="5" type="stmt"/>
      <line num="251" count="1" type="stmt"/>
      <line num="254" count="1" type="stmt"/>
      <line num="257" count="1" type="stmt"/>
      <line num="260" count="1" type="stmt"/>
      <line num="263" count="1" type="stmt"/>
      <line num="272" count="5" type="stmt"/>
      <line num="279" count="5" type="stmt"/>
      <line num="281" count="16" type="cond" truecount="2" falsecount="0"/>
      <line num="282" count="14" type="stmt"/>
      <line num="284" count="2" type="cond" truecount="2" falsecount="0"/>
      <line num="285" count="1" type="stmt"/>
      <line num="287" count="1" type="stmt"/>
      <line num="291" count="1" type="stmt"/>
      <line num="295" count="1" type="stmt"/>
      <line num="299" count="1" type="stmt"/>
      <line num="308" count="5" type="stmt"/>
      <line num="310" count="17" type="stmt"/>
      <line num="313" count="2" type="stmt"/>
      <line num="316" count="2" type="stmt"/>
      <line num="319" count="3" type="stmt"/>
      <line num="322" count="3" type="stmt"/>
      <line num="325" count="2" type="stmt"/>
      <line num="328" count="5" type="stmt"/>
      <line num="330" count="8" type="stmt"/>
      <line num="333" count="3" type="stmt"/>
      <line num="336" count="5" type="stmt"/>
      <line num="338" count="2" type="stmt"/>
      <line num="341" count="2" type="stmt"/>
      <line num="344" count="2" type="stmt"/>
      <line num="347" count="2" type="stmt"/>
      <line num="350" count="2" type="stmt"/>
      <line num="353" count="2" type="stmt"/>
      <line num="356" count="2" type="stmt"/>
      <line num="361" count="5" type="stmt"/>
      <line num="363" count="2" type="stmt"/>
      <line num="366" count="2" type="stmt"/>
      <line num="369" count="2" type="stmt"/>
      <line num="378" count="5" type="stmt"/>
      <line num="380" count="2" type="stmt"/>
      <line num="383" count="3" type="stmt"/>
      <line num="386" count="2" type="stmt"/>
      <line num="395" count="5" type="stmt"/>
      <line num="396" count="2" type="stmt"/>
      <line num="397" count="2" type="stmt"/>
      <line num="405" count="5" type="stmt"/>
      <line num="407" count="6" type="stmt"/>
      <line num="410" count="1" type="stmt"/>
      <line num="420" count="1" type="stmt"/>
      <line num="428" count="1" type="stmt"/>
      <line num="439" count="5" type="stmt"/>
      <line num="447" count="1" type="stmt"/>
      <line num="451" count="1" type="stmt"/>
      <line num="455" count="1" type="stmt"/>
      <line num="459" count="1" type="stmt"/>
      <line num="469" count="5" type="stmt"/>
      <line num="471" count="6" type="stmt"/>
      <line num="476" count="0" type="stmt"/>
      <line num="483" count="0" type="stmt"/>
      <line num="490" count="0" type="stmt"/>
      <line num="497" count="0" type="stmt"/>
      <line num="508" count="5" type="stmt"/>
      <line num="510" count="6" type="stmt"/>
      <line num="513" count="1" type="stmt"/>
      <line num="524" count="5" type="stmt"/>
      <line num="526" count="6" type="stmt"/>
      <line num="529" count="1" type="stmt"/>
      <line num="532" count="1" type="stmt"/>
      <line num="535" count="1" type="stmt"/>
      <line num="538" count="1" type="stmt"/>
      <line num="543" count="1" type="stmt"/>
      <line num="546" count="1" type="stmt"/>
      <line num="551" count="1" type="stmt"/>
      <line num="554" count="1" type="stmt"/>
      <line num="563" count="5" type="stmt"/>
      <line num="565" count="6" type="stmt"/>
      <line num="572" count="1" type="stmt"/>
      <line num="577" count="1" type="stmt"/>
      <line num="588" count="5" type="stmt"/>
      <line num="592" count="1" type="stmt"/>
      <line num="597" count="1" type="stmt"/>
      <line num="600" count="1" type="stmt"/>
      <line num="603" count="1" type="stmt"/>
      <line num="610" count="1" type="stmt"/>
      <line num="615" count="1" type="stmt"/>
      <line num="618" count="1" type="stmt"/>
      <line num="629" count="5" type="stmt"/>
      <line num="631" count="68" type="cond" truecount="2" falsecount="0"/>
      <line num="632" count="46" type="stmt"/>
      <line num="634" count="22" type="stmt"/>
      <line num="638" count="2" type="cond" truecount="2" falsecount="0"/>
      <line num="639" count="1" type="stmt"/>
      <line num="644" count="1" type="stmt"/>
      <line num="649" count="1" type="stmt"/>
      <line num="652" count="1" type="stmt"/>
      <line num="655" count="1" type="stmt"/>
      <line num="660" count="1" type="stmt"/>
      <line num="663" count="1" type="stmt"/>
      <line num="666" count="0" type="stmt"/>
      <line num="669" count="1" type="stmt"/>
      <line num="672" count="1" type="stmt"/>
      <line num="681" count="5" type="stmt"/>
      <line num="683" count="1" type="stmt"/>
      <line num="686" count="1" type="stmt"/>
      <line num="689" count="1" type="stmt"/>
      <line num="692" count="1" type="stmt"/>
      <line num="695" count="1" type="stmt"/>
      <line num="698" count="1" type="stmt"/>
      <line num="701" count="1" type="stmt"/>
      <line num="704" count="1" type="stmt"/>
      <line num="707" count="1" type="stmt"/>
      <line num="710" count="1" type="stmt"/>
      <line num="713" count="1" type="stmt"/>
      <line num="716" count="1" type="stmt"/>
      <line num="724" count="5" type="stmt"/>
    </file>
    <file name="operator.ts" path="/Users/yuta/work/engine/firestore-rules/packages/core/src/operator.ts">
      <metrics statements="40" coveredstatements="40" conditionals="0" coveredconditionals="0" methods="17" coveredmethods="17"/>
      <line num="1" count="3" type="stmt"/>
      <line num="7" count="3" type="stmt"/>
      <line num="8" count="3" type="stmt"/>
      <line num="20" count="3" type="stmt"/>
      <line num="25" count="6" type="stmt"/>
      <line num="33" count="3" type="stmt"/>
      <line num="38" count="1" type="stmt"/>
      <line num="43" count="3" type="stmt"/>
      <line num="44" count="1" type="stmt"/>
      <line num="49" count="3" type="stmt"/>
      <line num="61" count="7" type="stmt"/>
      <line num="66" count="3" type="stmt"/>
      <line num="72" count="10" type="stmt"/>
      <line num="77" count="3" type="stmt"/>
      <line num="83" count="1" type="stmt"/>
      <line num="88" count="3" type="stmt"/>
      <line num="94" count="1" type="stmt"/>
      <line num="99" count="3" type="stmt"/>
      <line num="105" count="1" type="stmt"/>
      <line num="110" count="3" type="stmt"/>
      <line num="116" count="1" type="stmt"/>
      <line num="121" count="3" type="stmt"/>
      <line num="128" count="1" type="stmt"/>
      <line num="129" count="1" type="stmt"/>
      <line num="137" count="3" type="stmt"/>
      <line num="142" count="1" type="stmt"/>
      <line num="143" count="1" type="stmt"/>
      <line num="151" count="3" type="stmt"/>
      <line num="152" count="1" type="stmt"/>
      <line num="157" count="3" type="stmt"/>
      <line num="162" count="1" type="stmt"/>
      <line num="170" count="3" type="stmt"/>
      <line num="174" count="1" type="stmt"/>
      <line num="179" count="3" type="stmt"/>
      <line num="180" count="1" type="stmt"/>
      <line num="181" count="1" type="stmt"/>
      <line num="199" count="3" type="stmt"/>
      <line num="204" count="3" type="stmt"/>
      <line num="206" count="3" type="stmt"/>
      <line num="207" count="3" type="stmt"/>
    </file>
    <file name="statements.ts" path="/Users/yuta/work/engine/firestore-rules/packages/core/src/statements.ts">
      <metrics statements="35" coveredstatements="35" conditionals="2" coveredconditionals="2" methods="15" coveredmethods="15"/>
      <line num="1" count="1" type="stmt"/>
      <line num="2" count="1" type="stmt"/>
      <line num="3" count="1" type="stmt"/>
      <line num="9" count="1" type="stmt"/>
      <line num="10" count="5" type="stmt"/>
      <line num="11" count="5" type="stmt"/>
      <line num="14" count="5" type="stmt"/>
      <line num="16" count="7" type="stmt"/>
      <line num="27" count="1" type="stmt"/>
      <line num="29" count="10" type="stmt"/>
      <line num="30" count="10" type="stmt"/>
      <line num="32" count="10" type="stmt"/>
      <line num="35" count="10" type="stmt"/>
      <line num="39" count="1" type="stmt"/>
      <line num="43" count="5" type="stmt"/>
      <line num="44" count="5" type="stmt"/>
      <line num="51" count="5" type="stmt"/>
      <line num="52" count="5" type="stmt"/>
      <line num="53" count="5" type="cond" truecount="2" falsecount="0"/>
      <line num="54" count="2" type="stmt"/>
      <line num="56" count="3" type="stmt"/>
      <line num="63" count="5" type="stmt"/>
      <line num="64" count="16" type="stmt"/>
      <line num="69" count="1" type="stmt"/>
      <line num="70" count="2" type="stmt"/>
      <line num="71" count="2" type="stmt"/>
      <line num="74" count="2" type="stmt"/>
      <line num="78" count="1" type="stmt"/>
      <line num="79" count="2" type="stmt"/>
      <line num="80" count="2" type="stmt"/>
      <line num="83" count="2" type="stmt"/>
      <line num="89" count="1" type="stmt"/>
      <line num="90" count="1" type="stmt"/>
      <line num="91" count="1" type="stmt"/>
      <line num="94" count="3" type="stmt"/>
    </file>
  </project>
</coverage>
