{"/Users/yuta/work/engine/firestore-rules/packages/core/src/base.ts": {"path":"/Users/yuta/work/engine/firestore-rules/packages/core/src/base.ts","statementMap":{"0":{"start":{"line":13,"column":4},"end":{"line":13,"column":null}},"1":{"start":{"line":11,"column":0},"end":{"line":11,"column":13}},"2":{"start":{"line":19,"column":4},"end":{"line":19,"column":null}},"3":{"start":{"line":17,"column":0},"end":{"line":17,"column":13}},"4":{"start":{"line":25,"column":4},"end":{"line":25,"column":null}},"5":{"start":{"line":24,"column":23},"end":{"line":24,"column":53}},"6":{"start":{"line":29,"column":4},"end":{"line":29,"column":null}},"7":{"start":{"line":35,"column":4},"end":{"line":35,"column":null}},"8":{"start":{"line":40,"column":4},"end":{"line":40,"column":null}},"9":{"start":{"line":46,"column":4},"end":{"line":46,"column":null}},"10":{"start":{"line":51,"column":4},"end":{"line":51,"column":null}},"11":{"start":{"line":57,"column":4},"end":{"line":57,"column":null}},"12":{"start":{"line":23,"column":0},"end":{"line":23,"column":13}},"13":{"start":{"line":102,"column":4},"end":{"line":136,"column":null}},"14":{"start":{"line":103,"column":6},"end":{"line":113,"column":null}},"15":{"start":{"line":107,"column":8},"end":{"line":107,"column":null}},"16":{"start":{"line":108,"column":8},"end":{"line":108,"column":null}},"17":{"start":{"line":110,"column":8},"end":{"line":112,"column":null}},"18":{"start":{"line":114,"column":11},"end":{"line":136,"column":null}},"19":{"start":{"line":115,"column":6},"end":{"line":122,"column":null}},"20":{"start":{"line":116,"column":8},"end":{"line":116,"column":null}},"21":{"start":{"line":117,"column":8},"end":{"line":117,"column":null}},"22":{"start":{"line":119,"column":8},"end":{"line":121,"column":null}},"23":{"start":{"line":124,"column":6},"end":{"line":135,"column":null}},"24":{"start":{"line":129,"column":8},"end":{"line":129,"column":null}},"25":{"start":{"line":130,"column":8},"end":{"line":130,"column":null}},"26":{"start":{"line":132,"column":8},"end":{"line":134,"column":null}},"27":{"start":{"line":140,"column":4},"end":{"line":146,"column":null}},"28":{"start":{"line":141,"column":6},"end":{"line":145,"column":null}},"29":{"start":{"line":142,"column":8},"end":{"line":142,"column":null}},"30":{"start":{"line":144,"column":8},"end":{"line":144,"column":null}},"31":{"start":{"line":147,"column":4},"end":{"line":149,"column":null}},"32":{"start":{"line":148,"column":6},"end":{"line":148,"column":null}},"33":{"start":{"line":150,"column":4},"end":{"line":152,"column":null}},"34":{"start":{"line":151,"column":6},"end":{"line":151,"column":null}},"35":{"start":{"line":154,"column":4},"end":{"line":154,"column":null}},"36":{"start":{"line":61,"column":0},"end":{"line":61,"column":13}},"37":{"start":{"line":160,"column":4},"end":{"line":166,"column":null}},"38":{"start":{"line":164,"column":26},"end":{"line":164,"column":30}},"39":{"start":{"line":158,"column":0},"end":{"line":158,"column":13}},"40":{"start":{"line":172,"column":4},"end":{"line":175,"column":null}},"41":{"start":{"line":174,"column":8},"end":{"line":174,"column":70}},"42":{"start":{"line":174,"column":45},"end":{"line":174,"column":55}},"43":{"start":{"line":171,"column":23},"end":{"line":171,"column":35}},"44":{"start":{"line":171,"column":46},"end":{"line":171,"column":76}},"45":{"start":{"line":170,"column":0},"end":{"line":170,"column":13}},"46":{"start":{"line":179,"column":13},"end":{"line":197,"column":null}}},"fnMap":{"0":{"name":"(anonymous_0)","decl":{"start":{"line":12,"column":2},"end":{"line":12,"column":8}},"loc":{"start":{"line":12,"column":8},"end":{"line":14,"column":3}}},"1":{"name":"(anonymous_1)","decl":{"start":{"line":18,"column":2},"end":{"line":18,"column":8}},"loc":{"start":{"line":18,"column":8},"end":{"line":20,"column":3}}},"2":{"name":"(anonymous_2)","decl":{"start":{"line":24,"column":2},"end":{"line":24,"column":23}},"loc":{"start":{"line":24,"column":53},"end":{"line":26,"column":3}}},"3":{"name":"(anonymous_3)","decl":{"start":{"line":28,"column":2},"end":{"line":28,"column":8}},"loc":{"start":{"line":28,"column":8},"end":{"line":30,"column":3}}},"4":{"name":"(anonymous_4)","decl":{"start":{"line":32,"column":2},"end":{"line":32,"column":5}},"loc":{"start":{"line":33,"column":45},"end":{"line":36,"column":3}}},"5":{"name":"(anonymous_5)","decl":{"start":{"line":37,"column":12},"end":{"line":37,"column":16}},"loc":{"start":{"line":38,"column":46},"end":{"line":41,"column":3}}},"6":{"name":"(anonymous_6)","decl":{"start":{"line":42,"column":12},"end":{"line":42,"column":23}},"loc":{"start":{"line":44,"column":34},"end":{"line":47,"column":3}}},"7":{"name":"(anonymous_7)","decl":{"start":{"line":48,"column":12},"end":{"line":48,"column":18}},"loc":{"start":{"line":49,"column":33},"end":{"line":52,"column":3}}},"8":{"name":"(anonymous_8)","decl":{"start":{"line":53,"column":12},"end":{"line":53,"column":18}},"loc":{"start":{"line":55,"column":30},"end":{"line":58,"column":3}}},"9":{"name":"(anonymous_9)","decl":{"start":{"line":93,"column":2},"end":{"line":93,"column":null}},"loc":{"start":{"line":100,"column":34},"end":{"line":137,"column":3}}},"10":{"name":"(anonymous_10)","decl":{"start":{"line":139,"column":2},"end":{"line":139,"column":8}},"loc":{"start":{"line":139,"column":8},"end":{"line":155,"column":3}}},"11":{"name":"(anonymous_11)","decl":{"start":{"line":159,"column":2},"end":{"line":159,"column":14}},"loc":{"start":{"line":159,"column":53},"end":{"line":167,"column":3}}},"12":{"name":"(anonymous_12)","decl":{"start":{"line":164,"column":20},"end":{"line":164,"column":23}},"loc":{"start":{"line":164,"column":26},"end":{"line":164,"column":30}}},"13":{"name":"(anonymous_13)","decl":{"start":{"line":171,"column":2},"end":{"line":171,"column":23}},"loc":{"start":{"line":171,"column":76},"end":{"line":176,"column":3}}},"14":{"name":"(anonymous_14)","decl":{"start":{"line":173,"column":14},"end":{"line":173,"column":17}},"loc":{"start":{"line":174,"column":8},"end":{"line":174,"column":70}}},"15":{"name":"(anonymous_15)","decl":{"start":{"line":174,"column":38},"end":{"line":174,"column":39}},"loc":{"start":{"line":174,"column":45},"end":{"line":174,"column":55}}}},"branchMap":{"0":{"loc":{"start":{"line":102,"column":4},"end":{"line":136,"column":null}},"type":"if","locations":[{"start":{"line":102,"column":4},"end":{"line":136,"column":null}},{"start":{"line":102,"column":4},"end":{"line":136,"column":null}}]},"1":{"loc":{"start":{"line":103,"column":6},"end":{"line":113,"column":null}},"type":"if","locations":[{"start":{"line":103,"column":6},"end":{"line":113,"column":null}},{"start":{"line":103,"column":6},"end":{"line":113,"column":null}}]},"2":{"loc":{"start":{"line":104,"column":8},"end":{"line":104,"column":33}},"type":"binary-expr","locations":[{"start":{"line":104,"column":8},"end":{"line":104,"column":33}},{"start":{"line":105,"column":8},"end":{"line":105,"column":51}}]},"3":{"loc":{"start":{"line":114,"column":11},"end":{"line":136,"column":null}},"type":"if","locations":[{"start":{"line":114,"column":11},"end":{"line":136,"column":null}},{"start":{"line":114,"column":11},"end":{"line":136,"column":null}}]},"4":{"loc":{"start":{"line":115,"column":6},"end":{"line":122,"column":null}},"type":"if","locations":[{"start":{"line":115,"column":6},"end":{"line":122,"column":null}},{"start":{"line":115,"column":6},"end":{"line":122,"column":null}}]},"5":{"loc":{"start":{"line":115,"column":10},"end":{"line":115,"column":51}},"type":"binary-expr","locations":[{"start":{"line":115,"column":10},"end":{"line":115,"column":51}},{"start":{"line":115,"column":55},"end":{"line":115,"column":76}}]},"6":{"loc":{"start":{"line":124,"column":6},"end":{"line":135,"column":null}},"type":"if","locations":[{"start":{"line":124,"column":6},"end":{"line":135,"column":null}},{"start":{"line":124,"column":6},"end":{"line":135,"column":null}}]},"7":{"loc":{"start":{"line":125,"column":8},"end":{"line":125,"column":49}},"type":"binary-expr","locations":[{"start":{"line":125,"column":8},"end":{"line":125,"column":49}},{"start":{"line":126,"column":8},"end":{"line":126,"column":28}},{"start":{"line":127,"column":8},"end":{"line":127,"column":26}}]},"8":{"loc":{"start":{"line":140,"column":4},"end":{"line":146,"column":null}},"type":"if","locations":[{"start":{"line":140,"column":4},"end":{"line":146,"column":null}},{"start":{"line":140,"column":4},"end":{"line":146,"column":null}}]},"9":{"loc":{"start":{"line":141,"column":6},"end":{"line":145,"column":null}},"type":"if","locations":[{"start":{"line":141,"column":6},"end":{"line":145,"column":null}},{"start":{"line":141,"column":6},"end":{"line":145,"column":null}}]},"10":{"loc":{"start":{"line":147,"column":4},"end":{"line":149,"column":null}},"type":"if","locations":[{"start":{"line":147,"column":4},"end":{"line":149,"column":null}},{"start":{"line":147,"column":4},"end":{"line":149,"column":null}}]},"11":{"loc":{"start":{"line":150,"column":4},"end":{"line":152,"column":null}},"type":"if","locations":[{"start":{"line":150,"column":4},"end":{"line":152,"column":null}},{"start":{"line":150,"column":4},"end":{"line":152,"column":null}}]},"12":{"loc":{"start":{"line":162,"column":10},"end":{"line":162,"column":14}},"type":"cond-expr","locations":[{"start":{"line":162,"column":10},"end":{"line":162,"column":14}},{"start":{"line":163,"column":10},"end":{"line":165,"column":null}}]}},"s":{"0":1,"1":6,"2":1,"3":6,"4":984,"5":984,"6":942,"7":265,"8":137,"9":66,"10":4,"11":2,"12":6,"13":150,"14":140,"15":139,"16":139,"17":1,"18":10,"19":6,"20":5,"21":5,"22":1,"23":4,"24":3,"25":3,"26":1,"27":142,"28":134,"29":67,"30":67,"31":8,"32":5,"33":3,"34":3,"35":0,"36":6,"37":359,"38":329,"39":6,"40":102,"41":102,"42":72,"43":102,"44":102,"45":6,"46":6},"f":{"0":1,"1":1,"2":984,"3":942,"4":265,"5":137,"6":66,"7":4,"8":2,"9":150,"10":142,"11":359,"12":329,"13":102,"14":102,"15":72},"b":{"0":[140,10],"1":[139,1],"2":[140,68],"3":[6,4],"4":[5,1],"5":[6,5],"6":[3,1],"7":[4,4,3],"8":[134,8],"9":[67,67],"10":[5,3],"11":[3,0],"12":[84,275]}}
,"/Users/yuta/work/engine/firestore-rules/packages/core/src/condition.ts": {"path":"/Users/yuta/work/engine/firestore-rules/packages/core/src/condition.ts","statementMap":{"0":{"start":{"line":1,"column":0},"end":{"line":1,"column":null}},"1":{"start":{"line":13,"column":4},"end":{"line":15,"column":null}},"2":{"start":{"line":14,"column":20},"end":{"line":14,"column":70}},"3":{"start":{"line":26,"column":4},"end":{"line":28,"column":null}},"4":{"start":{"line":27,"column":20},"end":{"line":27,"column":78}},"5":{"start":{"line":27,"column":42},"end":{"line":27,"column":52}},"6":{"start":{"line":32,"column":4},"end":{"line":37,"column":null}},"7":{"start":{"line":34,"column":8},"end":{"line":36,"column":22}},"8":{"start":{"line":35,"column":23},"end":{"line":35,"column":77}},"9":{"start":{"line":7,"column":0},"end":{"line":7,"column":13}}},"fnMap":{"0":{"name":"(anonymous_0)","decl":{"start":{"line":8,"column":2},"end":{"line":8,"column":null}},"loc":{"start":{"line":11,"column":36},"end":{"line":16,"column":3}}},"1":{"name":"(anonymous_1)","decl":{"start":{"line":14,"column":14},"end":{"line":14,"column":17}},"loc":{"start":{"line":14,"column":20},"end":{"line":14,"column":70}}},"2":{"name":"(anonymous_2)","decl":{"start":{"line":18,"column":2},"end":{"line":18,"column":8}},"loc":{"start":{"line":24,"column":5},"end":{"line":29,"column":3}}},"3":{"name":"(anonymous_3)","decl":{"start":{"line":27,"column":14},"end":{"line":27,"column":17}},"loc":{"start":{"line":27,"column":20},"end":{"line":27,"column":78}}},"4":{"name":"(anonymous_4)","decl":{"start":{"line":27,"column":35},"end":{"line":27,"column":36}},"loc":{"start":{"line":27,"column":42},"end":{"line":27,"column":52}}},"5":{"name":"(anonymous_5)","decl":{"start":{"line":31,"column":2},"end":{"line":31,"column":8}},"loc":{"start":{"line":31,"column":62},"end":{"line":38,"column":3}}},"6":{"name":"(anonymous_6)","decl":{"start":{"line":33,"column":14},"end":{"line":33,"column":17}},"loc":{"start":{"line":34,"column":8},"end":{"line":36,"column":22}}},"7":{"name":"(anonymous_7)","decl":{"start":{"line":35,"column":15},"end":{"line":35,"column":16}},"loc":{"start":{"line":35,"column":23},"end":{"line":35,"column":77}}}},"branchMap":{"0":{"loc":{"start":{"line":35,"column":63},"end":{"line":35,"column":73}},"type":"cond-expr","locations":[{"start":{"line":35,"column":63},"end":{"line":35,"column":73}},{"start":{"line":35,"column":76},"end":{"line":35,"column":77}}]}},"s":{"0":4,"1":30,"2":30,"3":12,"4":12,"5":30,"6":3,"7":3,"8":6,"9":4},"f":{"0":30,"1":30,"2":12,"3":12,"4":30,"5":3,"6":3,"7":6},"b":{"0":[3,3]}}
,"/Users/yuta/work/engine/firestore-rules/packages/core/src/functions.ts": {"path":"/Users/yuta/work/engine/firestore-rules/packages/core/src/functions.ts","statementMap":{"0":{"start":{"line":1,"column":0},"end":{"line":1,"column":null}},"1":{"start":{"line":9,"column":0},"end":{"line":9,"column":null}},"2":{"start":{"line":20,"column":20},"end":{"line":24,"column":1}},"3":{"start":{"line":21,"column":2},"end":{"line":23,"column":null}},"4":{"start":{"line":20,"column":13},"end":{"line":20,"column":20}},"5":{"start":{"line":26,"column":19},"end":{"line":32,"column":1}},"6":{"start":{"line":29,"column":2},"end":{"line":31,"column":null}},"7":{"start":{"line":26,"column":13},"end":{"line":26,"column":19}},"8":{"start":{"line":34,"column":21},"end":{"line":40,"column":1}},"9":{"start":{"line":37,"column":2},"end":{"line":39,"column":null}},"10":{"start":{"line":34,"column":13},"end":{"line":34,"column":21}},"11":{"start":{"line":42,"column":22},"end":{"line":52,"column":1}},"12":{"start":{"line":49,"column":2},"end":{"line":51,"column":null}},"13":{"start":{"line":42,"column":13},"end":{"line":42,"column":22}},"14":{"start":{"line":54,"column":20},"end":{"line":58,"column":1}},"15":{"start":{"line":55,"column":2},"end":{"line":57,"column":null}},"16":{"start":{"line":54,"column":13},"end":{"line":54,"column":20}},"17":{"start":{"line":68,"column":4},"end":{"line":68,"column":null}},"18":{"start":{"line":64,"column":13},"end":{"line":64,"column":25}},"19":{"start":{"line":65,"column":13},"end":{"line":65,"column":27}},"20":{"start":{"line":66,"column":13},"end":{"line":66,"column":20}},"21":{"start":{"line":71,"column":4},"end":{"line":73,"column":null}},"22":{"start":{"line":77,"column":4},"end":{"line":85,"column":null}},"23":{"start":{"line":78,"column":6},"end":{"line":84,"column":null}},"24":{"start":{"line":82,"column":22},"end":{"line":82,"column":32}},"25":{"start":{"line":86,"column":16},"end":{"line":86,"column":77}},"26":{"start":{"line":87,"column":4},"end":{"line":87,"column":null}},"27":{"start":{"line":60,"column":0},"end":{"line":60,"column":13}},"28":{"start":{"line":94,"column":4},"end":{"line":94,"column":null}},"29":{"start":{"line":97,"column":4},"end":{"line":97,"column":null}},"30":{"start":{"line":98,"column":4},"end":{"line":98,"column":null}},"31":{"start":{"line":91,"column":0},"end":{"line":91,"column":13}},"32":{"start":{"line":109,"column":23},"end":{"line":119,"column":1}},"33":{"start":{"line":113,"column":15},"end":{"line":113,"column":58}},"34":{"start":{"line":114,"column":14},"end":{"line":117,"column":4}},"35":{"start":{"line":118,"column":2},"end":{"line":118,"column":null}},"36":{"start":{"line":109,"column":13},"end":{"line":109,"column":23}}},"fnMap":{"0":{"name":"(anonymous_0)","decl":{"start":{"line":20,"column":20},"end":{"line":20,"column":21}},"loc":{"start":{"line":20,"column":59},"end":{"line":24,"column":1}}},"1":{"name":"(anonymous_1)","decl":{"start":{"line":26,"column":19},"end":{"line":26,"column":null}},"loc":{"start":{"line":28,"column":4},"end":{"line":32,"column":1}}},"2":{"name":"(anonymous_2)","decl":{"start":{"line":34,"column":21},"end":{"line":34,"column":null}},"loc":{"start":{"line":36,"column":4},"end":{"line":40,"column":1}}},"3":{"name":"(anonymous_3)","decl":{"start":{"line":42,"column":22},"end":{"line":42,"column":null}},"loc":{"start":{"line":48,"column":4},"end":{"line":52,"column":1}}},"4":{"name":"(anonymous_4)","decl":{"start":{"line":54,"column":20},"end":{"line":54,"column":21}},"loc":{"start":{"line":54,"column":59},"end":{"line":58,"column":1}}},"5":{"name":"(anonymous_5)","decl":{"start":{"line":63,"column":2},"end":{"line":63,"column":null}},"loc":{"start":{"line":66,"column":20},"end":{"line":69,"column":3}}},"6":{"name":"(anonymous_6)","decl":{"start":{"line":70,"column":2},"end":{"line":70,"column":8}},"loc":{"start":{"line":70,"column":8},"end":{"line":74,"column":3}}},"7":{"name":"(anonymous_7)","decl":{"start":{"line":76,"column":2},"end":{"line":76,"column":6}},"loc":{"start":{"line":76,"column":37},"end":{"line":88,"column":3}}},"8":{"name":"(anonymous_8)","decl":{"start":{"line":82,"column":15},"end":{"line":82,"column":16}},"loc":{"start":{"line":82,"column":22},"end":{"line":82,"column":32}}},"9":{"name":"(anonymous_9)","decl":{"start":{"line":93,"column":2},"end":{"line":93,"column":null}},"loc":{"start":{"line":93,"column":2},"end":{"line":95,"column":3}}},"10":{"name":"(anonymous_10)","decl":{"start":{"line":96,"column":2},"end":{"line":96,"column":8}},"loc":{"start":{"line":96,"column":21},"end":{"line":99,"column":3}}},"11":{"name":"(anonymous_11)","decl":{"start":{"line":109,"column":23},"end":{"line":109,"column":null}},"loc":{"start":{"line":112,"column":4},"end":{"line":119,"column":1}}}},"branchMap":{"0":{"loc":{"start":{"line":77,"column":4},"end":{"line":85,"column":null}},"type":"if","locations":[{"start":{"line":77,"column":4},"end":{"line":85,"column":null}},{"start":{"line":77,"column":4},"end":{"line":85,"column":null}}]}},"s":{"0":2,"1":2,"2":2,"3":2,"4":2,"5":2,"6":3,"7":2,"8":2,"9":3,"10":2,"11":2,"12":4,"13":2,"14":2,"15":1,"16":2,"17":9,"18":9,"19":9,"20":9,"21":9,"22":14,"23":1,"24":2,"25":13,"26":13,"27":2,"28":14,"29":5,"30":5,"31":2,"32":2,"33":8,"34":8,"35":8,"36":2},"f":{"0":2,"1":3,"2":3,"3":4,"4":1,"5":9,"6":9,"7":14,"8":2,"9":14,"10":5,"11":8},"b":{"0":[1,13]}}
,"/Users/yuta/work/engine/firestore-rules/packages/core/src/index.ts": {"path":"/Users/yuta/work/engine/firestore-rules/packages/core/src/index.ts","statementMap":{"0":{"start":{"line":1,"column":0},"end":{"line":1,"column":30}},"1":{"start":{"line":2,"column":0},"end":{"line":2,"column":40}},"2":{"start":{"line":3,"column":0},"end":{"line":3,"column":35}},"3":{"start":{"line":4,"column":0},"end":{"line":4,"column":36}},"4":{"start":{"line":5,"column":0},"end":{"line":5,"column":32}},"5":{"start":{"line":6,"column":0},"end":{"line":6,"column":36}}},"fnMap":{},"branchMap":{},"s":{"0":0,"1":0,"2":0,"3":0,"4":0,"5":0},"f":{},"b":{}}
,"/Users/yuta/work/engine/firestore-rules/packages/core/src/literal.ts": {"path":"/Users/yuta/work/engine/firestore-rules/packages/core/src/literal.ts","statementMap":{"0":{"start":{"line":1,"column":0},"end":{"line":1,"column":null}},"1":{"start":{"line":14,"column":4},"end":{"line":14,"column":null}},"2":{"start":{"line":12,"column":0},"end":{"line":12,"column":13}},"3":{"start":{"line":25,"column":4},"end":{"line":29,"column":null}},"4":{"start":{"line":26,"column":6},"end":{"line":26,"column":null}},"5":{"start":{"line":28,"column":6},"end":{"line":28,"column":null}},"6":{"start":{"line":23,"column":0},"end":{"line":23,"column":13}},"7":{"start":{"line":41,"column":4},"end":{"line":41,"column":null}},"8":{"start":{"line":42,"column":4},"end":{"line":42,"column":null}},"9":{"start":{"line":46,"column":4},"end":{"line":46,"column":null}},"10":{"start":{"line":50,"column":4},"end":{"line":50,"column":null}},"11":{"start":{"line":53,"column":4},"end":{"line":53,"column":null}},"12":{"start":{"line":39,"column":0},"end":{"line":39,"column":13}},"13":{"start":{"line":64,"column":4},"end":{"line":64,"column":null}},"14":{"start":{"line":67,"column":4},"end":{"line":67,"column":null}},"15":{"start":{"line":62,"column":0},"end":{"line":62,"column":13}},"16":{"start":{"line":78,"column":4},"end":{"line":86,"column":null}},"17":{"start":{"line":79,"column":6},"end":{"line":79,"column":null}},"18":{"start":{"line":81,"column":6},"end":{"line":85,"column":null}},"19":{"start":{"line":76,"column":0},"end":{"line":76,"column":13}},"20":{"start":{"line":97,"column":4},"end":{"line":105,"column":null}},"21":{"start":{"line":98,"column":6},"end":{"line":98,"column":null}},"22":{"start":{"line":100,"column":6},"end":{"line":103,"column":null}},"23":{"start":{"line":101,"column":8},"end":{"line":101,"column":null}},"24":{"start":{"line":102,"column":8},"end":{"line":102,"column":null}},"25":{"start":{"line":104,"column":6},"end":{"line":104,"column":null}},"26":{"start":{"line":95,"column":0},"end":{"line":95,"column":13}},"27":{"start":{"line":116,"column":4},"end":{"line":116,"column":null}},"28":{"start":{"line":120,"column":4},"end":{"line":120,"column":null}},"29":{"start":{"line":124,"column":4},"end":{"line":124,"column":null}},"30":{"start":{"line":114,"column":0},"end":{"line":114,"column":13}},"31":{"start":{"line":138,"column":4},"end":{"line":144,"column":null}},"32":{"start":{"line":139,"column":6},"end":{"line":139,"column":null}},"33":{"start":{"line":140,"column":6},"end":{"line":140,"column":null}},"34":{"start":{"line":142,"column":6},"end":{"line":142,"column":null}},"35":{"start":{"line":142,"column":28},"end":{"line":142,"column":74}},"36":{"start":{"line":142,"column":49},"end":{"line":142,"column":59}},"37":{"start":{"line":143,"column":6},"end":{"line":143,"column":null}},"38":{"start":{"line":153,"column":4},"end":{"line":158,"column":null}},"39":{"start":{"line":154,"column":6},"end":{"line":157,"column":null}},"40":{"start":{"line":159,"column":4},"end":{"line":159,"column":null}},"41":{"start":{"line":163,"column":4},"end":{"line":165,"column":null}},"42":{"start":{"line":169,"column":4},"end":{"line":169,"column":null}},"43":{"start":{"line":173,"column":4},"end":{"line":173,"column":null}},"44":{"start":{"line":177,"column":4},"end":{"line":177,"column":null}},"45":{"start":{"line":181,"column":4},"end":{"line":183,"column":null}},"46":{"start":{"line":187,"column":4},"end":{"line":189,"column":null}},"47":{"start":{"line":193,"column":4},"end":{"line":193,"column":null}},"48":{"start":{"line":197,"column":4},"end":{"line":199,"column":null}},"49":{"start":{"line":133,"column":0},"end":{"line":133,"column":13}},"50":{"start":{"line":210,"column":4},"end":{"line":210,"column":null}},"51":{"start":{"line":214,"column":4},"end":{"line":214,"column":null}},"52":{"start":{"line":218,"column":4},"end":{"line":220,"column":null}},"53":{"start":{"line":227,"column":16},"end":{"line":227,"column":81}},"54":{"start":{"line":228,"column":4},"end":{"line":228,"column":null}},"55":{"start":{"line":232,"column":4},"end":{"line":232,"column":null}},"56":{"start":{"line":236,"column":4},"end":{"line":236,"column":null}},"57":{"start":{"line":240,"column":4},"end":{"line":240,"column":null}},"58":{"start":{"line":208,"column":0},"end":{"line":208,"column":13}},"59":{"start":{"line":251,"column":4},"end":{"line":251,"column":null}},"60":{"start":{"line":254,"column":4},"end":{"line":254,"column":null}},"61":{"start":{"line":257,"column":4},"end":{"line":257,"column":null}},"62":{"start":{"line":260,"column":4},"end":{"line":260,"column":null}},"63":{"start":{"line":263,"column":4},"end":{"line":263,"column":null}},"64":{"start":{"line":249,"column":0},"end":{"line":249,"column":13}},"65":{"start":{"line":272,"column":0},"end":{"line":272,"column":13}},"66":{"start":{"line":281,"column":4},"end":{"line":288,"column":null}},"67":{"start":{"line":282,"column":6},"end":{"line":282,"column":null}},"68":{"start":{"line":284,"column":6},"end":{"line":286,"column":null}},"69":{"start":{"line":285,"column":8},"end":{"line":285,"column":null}},"70":{"start":{"line":287,"column":6},"end":{"line":287,"column":null}},"71":{"start":{"line":291,"column":4},"end":{"line":291,"column":null}},"72":{"start":{"line":295,"column":4},"end":{"line":295,"column":null}},"73":{"start":{"line":299,"column":4},"end":{"line":299,"column":null}},"74":{"start":{"line":279,"column":0},"end":{"line":279,"column":13}},"75":{"start":{"line":310,"column":4},"end":{"line":310,"column":null}},"76":{"start":{"line":313,"column":4},"end":{"line":313,"column":null}},"77":{"start":{"line":316,"column":4},"end":{"line":316,"column":null}},"78":{"start":{"line":319,"column":4},"end":{"line":319,"column":null}},"79":{"start":{"line":322,"column":4},"end":{"line":322,"column":null}},"80":{"start":{"line":325,"column":4},"end":{"line":325,"column":null}},"81":{"start":{"line":308,"column":0},"end":{"line":308,"column":13}},"82":{"start":{"line":330,"column":4},"end":{"line":330,"column":null}},"83":{"start":{"line":333,"column":4},"end":{"line":333,"column":null}},"84":{"start":{"line":328,"column":0},"end":{"line":328,"column":13}},"85":{"start":{"line":338,"column":4},"end":{"line":338,"column":null}},"86":{"start":{"line":341,"column":4},"end":{"line":341,"column":null}},"87":{"start":{"line":344,"column":4},"end":{"line":344,"column":null}},"88":{"start":{"line":347,"column":4},"end":{"line":347,"column":null}},"89":{"start":{"line":350,"column":4},"end":{"line":350,"column":null}},"90":{"start":{"line":353,"column":4},"end":{"line":353,"column":null}},"91":{"start":{"line":356,"column":4},"end":{"line":358,"column":null}},"92":{"start":{"line":336,"column":0},"end":{"line":336,"column":13}},"93":{"start":{"line":363,"column":4},"end":{"line":363,"column":null}},"94":{"start":{"line":366,"column":4},"end":{"line":366,"column":null}},"95":{"start":{"line":369,"column":4},"end":{"line":369,"column":null}},"96":{"start":{"line":361,"column":0},"end":{"line":361,"column":13}},"97":{"start":{"line":380,"column":4},"end":{"line":380,"column":null}},"98":{"start":{"line":383,"column":4},"end":{"line":383,"column":null}},"99":{"start":{"line":386,"column":4},"end":{"line":386,"column":null}},"100":{"start":{"line":378,"column":0},"end":{"line":378,"column":13}},"101":{"start":{"line":395,"column":21},"end":{"line":398,"column":1}},"102":{"start":{"line":396,"column":14},"end":{"line":396,"column":71}},"103":{"start":{"line":397,"column":2},"end":{"line":397,"column":null}},"104":{"start":{"line":395,"column":13},"end":{"line":395,"column":21}},"105":{"start":{"line":407,"column":4},"end":{"line":407,"column":null}},"106":{"start":{"line":410,"column":4},"end":{"line":412,"column":null}},"107":{"start":{"line":420,"column":4},"end":{"line":422,"column":null}},"108":{"start":{"line":428,"column":4},"end":{"line":430,"column":null}},"109":{"start":{"line":405,"column":0},"end":{"line":405,"column":13}},"110":{"start":{"line":439,"column":13},"end":{"line":462,"column":null}},"111":{"start":{"line":447,"column":4},"end":{"line":448,"column":null}},"112":{"start":{"line":451,"column":4},"end":{"line":452,"column":null}},"113":{"start":{"line":455,"column":4},"end":{"line":456,"column":null}},"114":{"start":{"line":459,"column":4},"end":{"line":460,"column":null}},"115":{"start":{"line":471,"column":4},"end":{"line":471,"column":null}},"116":{"start":{"line":476,"column":4},"end":{"line":478,"column":null}},"117":{"start":{"line":483,"column":4},"end":{"line":485,"column":null}},"118":{"start":{"line":490,"column":4},"end":{"line":492,"column":null}},"119":{"start":{"line":497,"column":4},"end":{"line":499,"column":null}},"120":{"start":{"line":469,"column":0},"end":{"line":469,"column":13}},"121":{"start":{"line":510,"column":4},"end":{"line":510,"column":null}},"122":{"start":{"line":513,"column":4},"end":{"line":515,"column":null}},"123":{"start":{"line":508,"column":0},"end":{"line":508,"column":13}},"124":{"start":{"line":526,"column":4},"end":{"line":526,"column":null}},"125":{"start":{"line":529,"column":4},"end":{"line":529,"column":null}},"126":{"start":{"line":532,"column":4},"end":{"line":532,"column":null}},"127":{"start":{"line":535,"column":4},"end":{"line":535,"column":null}},"128":{"start":{"line":538,"column":4},"end":{"line":540,"column":null}},"129":{"start":{"line":543,"column":4},"end":{"line":543,"column":null}},"130":{"start":{"line":546,"column":4},"end":{"line":548,"column":null}},"131":{"start":{"line":551,"column":4},"end":{"line":551,"column":null}},"132":{"start":{"line":554,"column":4},"end":{"line":554,"column":null}},"133":{"start":{"line":524,"column":0},"end":{"line":524,"column":13}},"134":{"start":{"line":565,"column":4},"end":{"line":565,"column":null}},"135":{"start":{"line":572,"column":4},"end":{"line":574,"column":null}},"136":{"start":{"line":577,"column":4},"end":{"line":579,"column":null}},"137":{"start":{"line":563,"column":0},"end":{"line":563,"column":13}},"138":{"start":{"line":592,"column":4},"end":{"line":594,"column":null}},"139":{"start":{"line":597,"column":4},"end":{"line":597,"column":null}},"140":{"start":{"line":600,"column":4},"end":{"line":600,"column":null}},"141":{"start":{"line":603,"column":4},"end":{"line":605,"column":null}},"142":{"start":{"line":610,"column":4},"end":{"line":612,"column":null}},"143":{"start":{"line":615,"column":4},"end":{"line":615,"column":null}},"144":{"start":{"line":618,"column":4},"end":{"line":620,"column":null}},"145":{"start":{"line":588,"column":0},"end":{"line":588,"column":13}},"146":{"start":{"line":631,"column":4},"end":{"line":635,"column":null}},"147":{"start":{"line":632,"column":6},"end":{"line":632,"column":null}},"148":{"start":{"line":634,"column":6},"end":{"line":634,"column":null}},"149":{"start":{"line":638,"column":4},"end":{"line":643,"column":null}},"150":{"start":{"line":639,"column":6},"end":{"line":642,"column":null}},"151":{"start":{"line":644,"column":4},"end":{"line":646,"column":null}},"152":{"start":{"line":649,"column":4},"end":{"line":649,"column":null}},"153":{"start":{"line":652,"column":4},"end":{"line":652,"column":null}},"154":{"start":{"line":655,"column":4},"end":{"line":657,"column":null}},"155":{"start":{"line":660,"column":4},"end":{"line":660,"column":null}},"156":{"start":{"line":663,"column":4},"end":{"line":663,"column":null}},"157":{"start":{"line":666,"column":4},"end":{"line":666,"column":null}},"158":{"start":{"line":669,"column":4},"end":{"line":669,"column":null}},"159":{"start":{"line":672,"column":4},"end":{"line":672,"column":null}},"160":{"start":{"line":629,"column":0},"end":{"line":629,"column":13}},"161":{"start":{"line":683,"column":4},"end":{"line":683,"column":null}},"162":{"start":{"line":686,"column":4},"end":{"line":686,"column":null}},"163":{"start":{"line":689,"column":4},"end":{"line":689,"column":null}},"164":{"start":{"line":692,"column":4},"end":{"line":692,"column":null}},"165":{"start":{"line":695,"column":4},"end":{"line":695,"column":null}},"166":{"start":{"line":698,"column":4},"end":{"line":698,"column":null}},"167":{"start":{"line":701,"column":4},"end":{"line":701,"column":null}},"168":{"start":{"line":704,"column":4},"end":{"line":704,"column":null}},"169":{"start":{"line":707,"column":4},"end":{"line":707,"column":null}},"170":{"start":{"line":710,"column":4},"end":{"line":710,"column":null}},"171":{"start":{"line":713,"column":4},"end":{"line":713,"column":null}},"172":{"start":{"line":716,"column":4},"end":{"line":716,"column":null}},"173":{"start":{"line":681,"column":0},"end":{"line":681,"column":13}},"174":{"start":{"line":724,"column":13},"end":{"line":731,"column":null}}},"fnMap":{"0":{"name":"(anonymous_0)","decl":{"start":{"line":13,"column":2},"end":{"line":13,"column":14}},"loc":{"start":{"line":13,"column":53},"end":{"line":15,"column":3}}},"1":{"name":"(anonymous_1)","decl":{"start":{"line":24,"column":2},"end":{"line":24,"column":14}},"loc":{"start":{"line":24,"column":55},"end":{"line":30,"column":3}}},"2":{"name":"(anonymous_2)","decl":{"start":{"line":40,"column":2},"end":{"line":40,"column":14}},"loc":{"start":{"line":40,"column":54},"end":{"line":43,"column":3}}},"3":{"name":"(anonymous_3)","decl":{"start":{"line":45,"column":2},"end":{"line":45,"column":6}},"loc":{"start":{"line":45,"column":6},"end":{"line":47,"column":3}}},"4":{"name":"(anonymous_4)","decl":{"start":{"line":49,"column":2},"end":{"line":49,"column":10}},"loc":{"start":{"line":49,"column":10},"end":{"line":51,"column":3}}},"5":{"name":"(anonymous_5)","decl":{"start":{"line":52,"column":2},"end":{"line":52,"column":13}},"loc":{"start":{"line":52,"column":13},"end":{"line":54,"column":3}}},"6":{"name":"(anonymous_6)","decl":{"start":{"line":63,"column":2},"end":{"line":63,"column":7}},"loc":{"start":{"line":63,"column":7},"end":{"line":65,"column":3}}},"7":{"name":"(anonymous_7)","decl":{"start":{"line":66,"column":2},"end":{"line":66,"column":9}},"loc":{"start":{"line":66,"column":9},"end":{"line":68,"column":3}}},"8":{"name":"(anonymous_8)","decl":{"start":{"line":77,"column":2},"end":{"line":77,"column":14}},"loc":{"start":{"line":77,"column":54},"end":{"line":87,"column":3}}},"9":{"name":"(anonymous_9)","decl":{"start":{"line":96,"column":2},"end":{"line":96,"column":14}},"loc":{"start":{"line":96,"column":54},"end":{"line":106,"column":3}}},"10":{"name":"(anonymous_10)","decl":{"start":{"line":115,"column":2},"end":{"line":115,"column":10}},"loc":{"start":{"line":115,"column":45},"end":{"line":117,"column":3}}},"11":{"name":"(anonymous_11)","decl":{"start":{"line":119,"column":2},"end":{"line":119,"column":10}},"loc":{"start":{"line":119,"column":10},"end":{"line":121,"column":3}}},"12":{"name":"(anonymous_12)","decl":{"start":{"line":123,"column":2},"end":{"line":123,"column":11}},"loc":{"start":{"line":123,"column":11},"end":{"line":125,"column":3}}},"13":{"name":"(anonymous_13)","decl":{"start":{"line":137,"column":2},"end":{"line":137,"column":14}},"loc":{"start":{"line":137,"column":59},"end":{"line":145,"column":3}}},"14":{"name":"(anonymous_14)","decl":{"start":{"line":142,"column":22},"end":{"line":142,"column":25}},"loc":{"start":{"line":142,"column":28},"end":{"line":142,"column":74}}},"15":{"name":"(anonymous_15)","decl":{"start":{"line":142,"column":42},"end":{"line":142,"column":43}},"loc":{"start":{"line":142,"column":49},"end":{"line":142,"column":59}}},"16":{"name":"(anonymous_16)","decl":{"start":{"line":149,"column":2},"end":{"line":149,"column":7}},"loc":{"start":{"line":151,"column":16},"end":{"line":160,"column":3}}},"17":{"name":"(anonymous_17)","decl":{"start":{"line":162,"column":2},"end":{"line":162,"column":8}},"loc":{"start":{"line":162,"column":43},"end":{"line":166,"column":3}}},"18":{"name":"(anonymous_18)","decl":{"start":{"line":168,"column":2},"end":{"line":168,"column":8}},"loc":{"start":{"line":168,"column":43},"end":{"line":170,"column":3}}},"19":{"name":"(anonymous_19)","decl":{"start":{"line":172,"column":2},"end":{"line":172,"column":8}},"loc":{"start":{"line":172,"column":43},"end":{"line":174,"column":3}}},"20":{"name":"(anonymous_20)","decl":{"start":{"line":176,"column":2},"end":{"line":176,"column":9}},"loc":{"start":{"line":176,"column":44},"end":{"line":178,"column":3}}},"21":{"name":"(anonymous_21)","decl":{"start":{"line":180,"column":2},"end":{"line":180,"column":6}},"loc":{"start":{"line":180,"column":45},"end":{"line":184,"column":3}}},"22":{"name":"(anonymous_22)","decl":{"start":{"line":186,"column":2},"end":{"line":186,"column":11}},"loc":{"start":{"line":186,"column":46},"end":{"line":190,"column":3}}},"23":{"name":"(anonymous_23)","decl":{"start":{"line":192,"column":2},"end":{"line":192,"column":6}},"loc":{"start":{"line":192,"column":6},"end":{"line":194,"column":3}}},"24":{"name":"(anonymous_24)","decl":{"start":{"line":196,"column":2},"end":{"line":196,"column":7}},"loc":{"start":{"line":196,"column":7},"end":{"line":200,"column":3}}},"25":{"name":"(anonymous_25)","decl":{"start":{"line":209,"column":2},"end":{"line":209,"column":7}},"loc":{"start":{"line":209,"column":42},"end":{"line":211,"column":3}}},"26":{"name":"(anonymous_26)","decl":{"start":{"line":213,"column":2},"end":{"line":213,"column":5}},"loc":{"start":{"line":213,"column":19},"end":{"line":215,"column":3}}},"27":{"name":"(anonymous_27)","decl":{"start":{"line":217,"column":2},"end":{"line":217,"column":6}},"loc":{"start":{"line":217,"column":47},"end":{"line":221,"column":3}}},"28":{"name":"(anonymous_28)","decl":{"start":{"line":223,"column":2},"end":{"line":223,"column":5}},"loc":{"start":{"line":225,"column":20},"end":{"line":229,"column":3}}},"29":{"name":"(anonymous_29)","decl":{"start":{"line":231,"column":2},"end":{"line":231,"column":6}},"loc":{"start":{"line":231,"column":6},"end":{"line":233,"column":3}}},"30":{"name":"(anonymous_30)","decl":{"start":{"line":235,"column":2},"end":{"line":235,"column":6}},"loc":{"start":{"line":235,"column":6},"end":{"line":237,"column":3}}},"31":{"name":"(anonymous_31)","decl":{"start":{"line":239,"column":2},"end":{"line":239,"column":8}},"loc":{"start":{"line":239,"column":8},"end":{"line":241,"column":3}}},"32":{"name":"(anonymous_32)","decl":{"start":{"line":250,"column":2},"end":{"line":250,"column":11}},"loc":{"start":{"line":250,"column":11},"end":{"line":252,"column":3}}},"33":{"name":"(anonymous_33)","decl":{"start":{"line":253,"column":2},"end":{"line":253,"column":14}},"loc":{"start":{"line":253,"column":14},"end":{"line":255,"column":3}}},"34":{"name":"(anonymous_34)","decl":{"start":{"line":256,"column":2},"end":{"line":256,"column":13}},"loc":{"start":{"line":256,"column":13},"end":{"line":258,"column":3}}},"35":{"name":"(anonymous_35)","decl":{"start":{"line":259,"column":2},"end":{"line":259,"column":13}},"loc":{"start":{"line":259,"column":13},"end":{"line":261,"column":3}}},"36":{"name":"(anonymous_36)","decl":{"start":{"line":262,"column":2},"end":{"line":262,"column":15}},"loc":{"start":{"line":262,"column":15},"end":{"line":264,"column":3}}},"37":{"name":"(anonymous_37)","decl":{"start":{"line":280,"column":2},"end":{"line":280,"column":14}},"loc":{"start":{"line":280,"column":54},"end":{"line":289,"column":3}}},"38":{"name":"(anonymous_38)","decl":{"start":{"line":290,"column":2},"end":{"line":290,"column":7}},"loc":{"start":{"line":290,"column":39},"end":{"line":292,"column":3}}},"39":{"name":"(anonymous_39)","decl":{"start":{"line":294,"column":2},"end":{"line":294,"column":5}},"loc":{"start":{"line":294,"column":19},"end":{"line":296,"column":3}}},"40":{"name":"(anonymous_40)","decl":{"start":{"line":298,"column":2},"end":{"line":298,"column":6}},"loc":{"start":{"line":298,"column":36},"end":{"line":300,"column":3}}},"41":{"name":"(anonymous_41)","decl":{"start":{"line":309,"column":2},"end":{"line":309,"column":6}},"loc":{"start":{"line":309,"column":10},"end":{"line":311,"column":3}}},"42":{"name":"(anonymous_42)","decl":{"start":{"line":312,"column":2},"end":{"line":312,"column":6}},"loc":{"start":{"line":312,"column":12},"end":{"line":314,"column":3}}},"43":{"name":"(anonymous_43)","decl":{"start":{"line":315,"column":2},"end":{"line":315,"column":6}},"loc":{"start":{"line":315,"column":10},"end":{"line":317,"column":3}}},"44":{"name":"(anonymous_44)","decl":{"start":{"line":318,"column":2},"end":{"line":318,"column":6}},"loc":{"start":{"line":318,"column":11},"end":{"line":320,"column":3}}},"45":{"name":"(anonymous_45)","decl":{"start":{"line":321,"column":2},"end":{"line":321,"column":6}},"loc":{"start":{"line":321,"column":14},"end":{"line":323,"column":3}}},"46":{"name":"(anonymous_46)","decl":{"start":{"line":324,"column":2},"end":{"line":324,"column":6}},"loc":{"start":{"line":324,"column":10},"end":{"line":326,"column":3}}},"47":{"name":"(anonymous_47)","decl":{"start":{"line":329,"column":2},"end":{"line":329,"column":6}},"loc":{"start":{"line":329,"column":9},"end":{"line":331,"column":3}}},"48":{"name":"(anonymous_48)","decl":{"start":{"line":332,"column":2},"end":{"line":332,"column":6}},"loc":{"start":{"line":332,"column":11},"end":{"line":334,"column":3}}},"49":{"name":"(anonymous_49)","decl":{"start":{"line":337,"column":2},"end":{"line":337,"column":6}},"loc":{"start":{"line":337,"column":11},"end":{"line":339,"column":3}}},"50":{"name":"(anonymous_50)","decl":{"start":{"line":340,"column":2},"end":{"line":340,"column":6}},"loc":{"start":{"line":340,"column":20},"end":{"line":342,"column":3}}},"51":{"name":"(anonymous_51)","decl":{"start":{"line":343,"column":2},"end":{"line":343,"column":6}},"loc":{"start":{"line":343,"column":18},"end":{"line":345,"column":3}}},"52":{"name":"(anonymous_52)","decl":{"start":{"line":346,"column":2},"end":{"line":346,"column":6}},"loc":{"start":{"line":346,"column":10},"end":{"line":348,"column":3}}},"53":{"name":"(anonymous_53)","decl":{"start":{"line":349,"column":2},"end":{"line":349,"column":6}},"loc":{"start":{"line":349,"column":9},"end":{"line":351,"column":3}}},"54":{"name":"(anonymous_54)","decl":{"start":{"line":352,"column":2},"end":{"line":352,"column":6}},"loc":{"start":{"line":352,"column":26},"end":{"line":354,"column":3}}},"55":{"name":"(anonymous_55)","decl":{"start":{"line":355,"column":2},"end":{"line":355,"column":6}},"loc":{"start":{"line":355,"column":32},"end":{"line":359,"column":3}}},"56":{"name":"(anonymous_56)","decl":{"start":{"line":362,"column":2},"end":{"line":362,"column":6}},"loc":{"start":{"line":362,"column":11},"end":{"line":364,"column":3}}},"57":{"name":"(anonymous_57)","decl":{"start":{"line":365,"column":2},"end":{"line":365,"column":6}},"loc":{"start":{"line":365,"column":12},"end":{"line":367,"column":3}}},"58":{"name":"(anonymous_58)","decl":{"start":{"line":368,"column":2},"end":{"line":368,"column":6}},"loc":{"start":{"line":368,"column":13},"end":{"line":370,"column":3}}},"59":{"name":"(anonymous_59)","decl":{"start":{"line":379,"column":2},"end":{"line":379,"column":6}},"loc":{"start":{"line":379,"column":14},"end":{"line":381,"column":3}}},"60":{"name":"(anonymous_60)","decl":{"start":{"line":382,"column":2},"end":{"line":382,"column":6}},"loc":{"start":{"line":382,"column":10},"end":{"line":384,"column":3}}},"61":{"name":"(anonymous_61)","decl":{"start":{"line":385,"column":2},"end":{"line":385,"column":6}},"loc":{"start":{"line":385,"column":8},"end":{"line":387,"column":3}}},"62":{"name":"(anonymous_62)","decl":{"start":{"line":395,"column":21},"end":{"line":395,"column":58}},"loc":{"start":{"line":395,"column":70},"end":{"line":398,"column":1}}},"63":{"name":"(anonymous_63)","decl":{"start":{"line":406,"column":2},"end":{"line":406,"column":null}},"loc":{"start":{"line":406,"column":2},"end":{"line":408,"column":3}}},"64":{"name":"(anonymous_64)","decl":{"start":{"line":409,"column":2},"end":{"line":409,"column":5}},"loc":{"start":{"line":409,"column":45},"end":{"line":413,"column":3}}},"65":{"name":"(anonymous_65)","decl":{"start":{"line":414,"column":2},"end":{"line":414,"column":6}},"loc":{"start":{"line":418,"column":39},"end":{"line":423,"column":3}}},"66":{"name":"(anonymous_66)","decl":{"start":{"line":424,"column":2},"end":{"line":424,"column":7}},"loc":{"start":{"line":426,"column":37},"end":{"line":431,"column":3}}},"67":{"name":"(anonymous_67)","decl":{"start":{"line":446,"column":10},"end":{"line":446,"column":11}},"loc":{"start":{"line":447,"column":4},"end":{"line":448,"column":null}}},"68":{"name":"(anonymous_68)","decl":{"start":{"line":450,"column":15},"end":{"line":450,"column":16}},"loc":{"start":{"line":451,"column":4},"end":{"line":452,"column":null}}},"69":{"name":"(anonymous_69)","decl":{"start":{"line":454,"column":7},"end":{"line":454,"column":8}},"loc":{"start":{"line":455,"column":4},"end":{"line":456,"column":null}}},"70":{"name":"(anonymous_70)","decl":{"start":{"line":458,"column":12},"end":{"line":458,"column":13}},"loc":{"start":{"line":459,"column":4},"end":{"line":460,"column":null}}},"71":{"name":"(anonymous_71)","decl":{"start":{"line":470,"column":2},"end":{"line":470,"column":null}},"loc":{"start":{"line":470,"column":2},"end":{"line":472,"column":3}}},"72":{"name":"(anonymous_72)","decl":{"start":{"line":473,"column":2},"end":{"line":473,"column":7}},"loc":{"start":{"line":474,"column":77},"end":{"line":479,"column":3}}},"73":{"name":"(anonymous_73)","decl":{"start":{"line":480,"column":2},"end":{"line":480,"column":8}},"loc":{"start":{"line":481,"column":77},"end":{"line":486,"column":3}}},"74":{"name":"(anonymous_74)","decl":{"start":{"line":487,"column":2},"end":{"line":487,"column":5}},"loc":{"start":{"line":488,"column":77},"end":{"line":493,"column":3}}},"75":{"name":"(anonymous_75)","decl":{"start":{"line":494,"column":2},"end":{"line":494,"column":8}},"loc":{"start":{"line":495,"column":77},"end":{"line":500,"column":3}}},"76":{"name":"(anonymous_76)","decl":{"start":{"line":509,"column":2},"end":{"line":509,"column":null}},"loc":{"start":{"line":509,"column":2},"end":{"line":511,"column":3}}},"77":{"name":"(anonymous_77)","decl":{"start":{"line":512,"column":2},"end":{"line":512,"column":7}},"loc":{"start":{"line":512,"column":72},"end":{"line":516,"column":3}}},"78":{"name":"(anonymous_78)","decl":{"start":{"line":525,"column":2},"end":{"line":525,"column":null}},"loc":{"start":{"line":525,"column":2},"end":{"line":527,"column":3}}},"79":{"name":"(anonymous_79)","decl":{"start":{"line":528,"column":2},"end":{"line":528,"column":5}},"loc":{"start":{"line":528,"column":39},"end":{"line":530,"column":3}}},"80":{"name":"(anonymous_80)","decl":{"start":{"line":531,"column":2},"end":{"line":531,"column":6}},"loc":{"start":{"line":531,"column":36},"end":{"line":533,"column":3}}},"81":{"name":"(anonymous_81)","decl":{"start":{"line":534,"column":2},"end":{"line":534,"column":7}},"loc":{"start":{"line":534,"column":37},"end":{"line":536,"column":3}}},"82":{"name":"(anonymous_82)","decl":{"start":{"line":537,"column":2},"end":{"line":537,"column":12}},"loc":{"start":{"line":537,"column":42},"end":{"line":541,"column":3}}},"83":{"name":"(anonymous_83)","decl":{"start":{"line":542,"column":2},"end":{"line":542,"column":7}},"loc":{"start":{"line":542,"column":37},"end":{"line":544,"column":3}}},"84":{"name":"(anonymous_84)","decl":{"start":{"line":545,"column":2},"end":{"line":545,"column":5}},"loc":{"start":{"line":545,"column":72},"end":{"line":549,"column":3}}},"85":{"name":"(anonymous_85)","decl":{"start":{"line":550,"column":2},"end":{"line":550,"column":7}},"loc":{"start":{"line":550,"column":37},"end":{"line":552,"column":3}}},"86":{"name":"(anonymous_86)","decl":{"start":{"line":553,"column":2},"end":{"line":553,"column":6}},"loc":{"start":{"line":553,"column":36},"end":{"line":555,"column":3}}},"87":{"name":"(anonymous_87)","decl":{"start":{"line":564,"column":2},"end":{"line":564,"column":null}},"loc":{"start":{"line":564,"column":2},"end":{"line":566,"column":3}}},"88":{"name":"(anonymous_88)","decl":{"start":{"line":567,"column":2},"end":{"line":567,"column":6}},"loc":{"start":{"line":570,"column":37},"end":{"line":575,"column":3}}},"89":{"name":"(anonymous_89)","decl":{"start":{"line":576,"column":2},"end":{"line":576,"column":7}},"loc":{"start":{"line":576,"column":49},"end":{"line":580,"column":3}}},"90":{"name":"(anonymous_90)","decl":{"start":{"line":591,"column":2},"end":{"line":591,"column":12}},"loc":{"start":{"line":591,"column":47},"end":{"line":595,"column":3}}},"91":{"name":"(anonymous_91)","decl":{"start":{"line":596,"column":2},"end":{"line":596,"column":8}},"loc":{"start":{"line":596,"column":74},"end":{"line":598,"column":3}}},"92":{"name":"(anonymous_92)","decl":{"start":{"line":599,"column":2},"end":{"line":599,"column":8}},"loc":{"start":{"line":599,"column":74},"end":{"line":601,"column":3}}},"93":{"name":"(anonymous_93)","decl":{"start":{"line":602,"column":2},"end":{"line":602,"column":9}},"loc":{"start":{"line":602,"column":75},"end":{"line":606,"column":3}}},"94":{"name":"(anonymous_94)","decl":{"start":{"line":607,"column":2},"end":{"line":607,"column":14}},"loc":{"start":{"line":608,"column":69},"end":{"line":613,"column":3}}},"95":{"name":"(anonymous_95)","decl":{"start":{"line":614,"column":2},"end":{"line":614,"column":6}},"loc":{"start":{"line":614,"column":6},"end":{"line":616,"column":3}}},"96":{"name":"(anonymous_96)","decl":{"start":{"line":617,"column":2},"end":{"line":617,"column":7}},"loc":{"start":{"line":617,"column":42},"end":{"line":621,"column":3}}},"97":{"name":"(anonymous_97)","decl":{"start":{"line":630,"column":2},"end":{"line":630,"column":14}},"loc":{"start":{"line":630,"column":54},"end":{"line":636,"column":3}}},"98":{"name":"(anonymous_98)","decl":{"start":{"line":637,"column":2},"end":{"line":637,"column":7}},"loc":{"start":{"line":637,"column":35},"end":{"line":647,"column":3}}},"99":{"name":"(anonymous_99)","decl":{"start":{"line":648,"column":2},"end":{"line":648,"column":7}},"loc":{"start":{"line":648,"column":7},"end":{"line":650,"column":3}}},"100":{"name":"(anonymous_100)","decl":{"start":{"line":651,"column":2},"end":{"line":651,"column":9}},"loc":{"start":{"line":651,"column":41},"end":{"line":653,"column":3}}},"101":{"name":"(anonymous_101)","decl":{"start":{"line":654,"column":2},"end":{"line":654,"column":9}},"loc":{"start":{"line":654,"column":75},"end":{"line":658,"column":3}}},"102":{"name":"(anonymous_102)","decl":{"start":{"line":659,"column":2},"end":{"line":659,"column":6}},"loc":{"start":{"line":659,"column":6},"end":{"line":661,"column":3}}},"103":{"name":"(anonymous_103)","decl":{"start":{"line":662,"column":2},"end":{"line":662,"column":7}},"loc":{"start":{"line":662,"column":39},"end":{"line":664,"column":3}}},"104":{"name":"(anonymous_104)","decl":{"start":{"line":665,"column":2},"end":{"line":665,"column":8}},"loc":{"start":{"line":665,"column":8},"end":{"line":667,"column":3}}},"105":{"name":"(anonymous_105)","decl":{"start":{"line":668,"column":2},"end":{"line":668,"column":6}},"loc":{"start":{"line":668,"column":6},"end":{"line":670,"column":3}}},"106":{"name":"(anonymous_106)","decl":{"start":{"line":671,"column":2},"end":{"line":671,"column":7}},"loc":{"start":{"line":671,"column":7},"end":{"line":673,"column":3}}},"107":{"name":"(anonymous_107)","decl":{"start":{"line":682,"column":2},"end":{"line":682,"column":6}},"loc":{"start":{"line":682,"column":6},"end":{"line":684,"column":3}}},"108":{"name":"(anonymous_108)","decl":{"start":{"line":685,"column":2},"end":{"line":685,"column":5}},"loc":{"start":{"line":685,"column":5},"end":{"line":687,"column":3}}},"109":{"name":"(anonymous_109)","decl":{"start":{"line":688,"column":2},"end":{"line":688,"column":11}},"loc":{"start":{"line":688,"column":11},"end":{"line":690,"column":3}}},"110":{"name":"(anonymous_110)","decl":{"start":{"line":691,"column":2},"end":{"line":691,"column":11}},"loc":{"start":{"line":691,"column":11},"end":{"line":693,"column":3}}},"111":{"name":"(anonymous_111)","decl":{"start":{"line":694,"column":2},"end":{"line":694,"column":7}},"loc":{"start":{"line":694,"column":7},"end":{"line":696,"column":3}}},"112":{"name":"(anonymous_112)","decl":{"start":{"line":697,"column":2},"end":{"line":697,"column":9}},"loc":{"start":{"line":697,"column":9},"end":{"line":699,"column":3}}},"113":{"name":"(anonymous_113)","decl":{"start":{"line":700,"column":2},"end":{"line":700,"column":7}},"loc":{"start":{"line":700,"column":7},"end":{"line":702,"column":3}}},"114":{"name":"(anonymous_114)","decl":{"start":{"line":703,"column":2},"end":{"line":703,"column":7}},"loc":{"start":{"line":703,"column":7},"end":{"line":705,"column":3}}},"115":{"name":"(anonymous_115)","decl":{"start":{"line":706,"column":2},"end":{"line":706,"column":9}},"loc":{"start":{"line":706,"column":9},"end":{"line":708,"column":3}}},"116":{"name":"(anonymous_116)","decl":{"start":{"line":709,"column":2},"end":{"line":709,"column":6}},"loc":{"start":{"line":709,"column":6},"end":{"line":711,"column":3}}},"117":{"name":"(anonymous_117)","decl":{"start":{"line":712,"column":2},"end":{"line":712,"column":10}},"loc":{"start":{"line":712,"column":10},"end":{"line":714,"column":3}}},"118":{"name":"(anonymous_118)","decl":{"start":{"line":715,"column":2},"end":{"line":715,"column":6}},"loc":{"start":{"line":715,"column":6},"end":{"line":717,"column":3}}}},"branchMap":{"0":{"loc":{"start":{"line":14,"column":10},"end":{"line":14,"column":15}},"type":"binary-expr","locations":[{"start":{"line":14,"column":10},"end":{"line":14,"column":15}},{"start":{"line":14,"column":19},"end":{"line":14,"column":25}}]},"1":{"loc":{"start":{"line":25,"column":4},"end":{"line":29,"column":null}},"type":"if","locations":[{"start":{"line":25,"column":4},"end":{"line":29,"column":null}},{"start":{"line":25,"column":4},"end":{"line":29,"column":null}}]},"2":{"loc":{"start":{"line":28,"column":47},"end":{"line":28,"column":53}},"type":"cond-expr","locations":[{"start":{"line":28,"column":47},"end":{"line":28,"column":53}},{"start":{"line":28,"column":56},"end":{"line":28,"column":63}}]},"3":{"loc":{"start":{"line":78,"column":4},"end":{"line":86,"column":null}},"type":"if","locations":[{"start":{"line":78,"column":4},"end":{"line":86,"column":null}},{"start":{"line":78,"column":4},"end":{"line":86,"column":null}}]},"4":{"loc":{"start":{"line":83,"column":36},"end":{"line":83,"column":52}},"type":"cond-expr","locations":[{"start":{"line":83,"column":36},"end":{"line":83,"column":52}},{"start":{"line":83,"column":55},"end":{"line":83,"column":71}}]},"5":{"loc":{"start":{"line":97,"column":4},"end":{"line":105,"column":null}},"type":"if","locations":[{"start":{"line":97,"column":4},"end":{"line":105,"column":null}},{"start":{"line":97,"column":4},"end":{"line":105,"column":null}}]},"6":{"loc":{"start":{"line":100,"column":6},"end":{"line":103,"column":null}},"type":"if","locations":[{"start":{"line":100,"column":6},"end":{"line":103,"column":null}},{"start":{"line":100,"column":6},"end":{"line":103,"column":null}}]},"7":{"loc":{"start":{"line":138,"column":4},"end":{"line":144,"column":null}},"type":"if","locations":[{"start":{"line":138,"column":4},"end":{"line":144,"column":null}},{"start":{"line":138,"column":4},"end":{"line":144,"column":null}}]},"8":{"loc":{"start":{"line":153,"column":4},"end":{"line":158,"column":null}},"type":"if","locations":[{"start":{"line":153,"column":4},"end":{"line":158,"column":null}},{"start":{"line":153,"column":4},"end":{"line":158,"column":null}}]},"9":{"loc":{"start":{"line":281,"column":4},"end":{"line":288,"column":null}},"type":"if","locations":[{"start":{"line":281,"column":4},"end":{"line":288,"column":null}},{"start":{"line":281,"column":4},"end":{"line":288,"column":null}}]},"10":{"loc":{"start":{"line":284,"column":6},"end":{"line":286,"column":null}},"type":"if","locations":[{"start":{"line":284,"column":6},"end":{"line":286,"column":null}},{"start":{"line":284,"column":6},"end":{"line":286,"column":null}}]},"11":{"loc":{"start":{"line":631,"column":4},"end":{"line":635,"column":null}},"type":"if","locations":[{"start":{"line":631,"column":4},"end":{"line":635,"column":null}},{"start":{"line":631,"column":4},"end":{"line":635,"column":null}}]},"12":{"loc":{"start":{"line":638,"column":4},"end":{"line":643,"column":null}},"type":"if","locations":[{"start":{"line":638,"column":4},"end":{"line":643,"column":null}},{"start":{"line":638,"column":4},"end":{"line":643,"column":null}}]}},"s":{"0":5,"1":12,"2":5,"3":77,"4":69,"5":8,"6":5,"7":0,"8":0,"9":0,"10":0,"11":0,"12":5,"13":1,"14":1,"15":5,"16":15,"17":11,"18":4,"19":5,"20":86,"21":45,"22":41,"23":1,"24":1,"25":40,"26":5,"27":1,"28":1,"29":1,"30":5,"31":26,"32":10,"33":10,"34":16,"35":16,"36":46,"37":16,"38":2,"39":1,"40":1,"41":1,"42":1,"43":1,"44":1,"45":1,"46":1,"47":1,"48":1,"49":5,"50":1,"51":70,"52":1,"53":2,"54":2,"55":1,"56":2,"57":1,"58":5,"59":1,"60":1,"61":1,"62":1,"63":1,"64":5,"65":5,"66":16,"67":14,"68":2,"69":1,"70":1,"71":1,"72":1,"73":1,"74":5,"75":17,"76":2,"77":2,"78":3,"79":3,"80":2,"81":5,"82":8,"83":3,"84":5,"85":2,"86":2,"87":2,"88":2,"89":2,"90":2,"91":2,"92":5,"93":2,"94":2,"95":2,"96":5,"97":2,"98":3,"99":2,"100":5,"101":5,"102":2,"103":2,"104":5,"105":6,"106":1,"107":1,"108":1,"109":5,"110":5,"111":1,"112":1,"113":1,"114":1,"115":6,"116":0,"117":0,"118":0,"119":0,"120":5,"121":6,"122":1,"123":5,"124":6,"125":1,"126":1,"127":1,"128":1,"129":1,"130":1,"131":1,"132":1,"133":5,"134":6,"135":1,"136":1,"137":5,"138":1,"139":1,"140":1,"141":1,"142":1,"143":1,"144":1,"145":5,"146":68,"147":46,"148":22,"149":2,"150":1,"151":1,"152":1,"153":1,"154":1,"155":1,"156":1,"157":0,"158":1,"159":1,"160":5,"161":1,"162":1,"163":1,"164":1,"165":1,"166":1,"167":1,"168":1,"169":1,"170":1,"171":1,"172":1,"173":5,"174":5},"f":{"0":12,"1":77,"2":0,"3":0,"4":0,"5":0,"6":1,"7":1,"8":15,"9":86,"10":1,"11":1,"12":1,"13":26,"14":16,"15":46,"16":2,"17":1,"18":1,"19":1,"20":1,"21":1,"22":1,"23":1,"24":1,"25":1,"26":70,"27":1,"28":2,"29":1,"30":2,"31":1,"32":1,"33":1,"34":1,"35":1,"36":1,"37":16,"38":1,"39":1,"40":1,"41":17,"42":2,"43":2,"44":3,"45":3,"46":2,"47":8,"48":3,"49":2,"50":2,"51":2,"52":2,"53":2,"54":2,"55":2,"56":2,"57":2,"58":2,"59":2,"60":3,"61":2,"62":2,"63":6,"64":1,"65":1,"66":1,"67":1,"68":1,"69":1,"70":1,"71":6,"72":0,"73":0,"74":0,"75":0,"76":6,"77":1,"78":6,"79":1,"80":1,"81":1,"82":1,"83":1,"84":1,"85":1,"86":1,"87":6,"88":1,"89":1,"90":1,"91":1,"92":1,"93":1,"94":1,"95":1,"96":1,"97":68,"98":2,"99":1,"100":1,"101":1,"102":1,"103":1,"104":0,"105":1,"106":1,"107":1,"108":1,"109":1,"110":1,"111":1,"112":1,"113":1,"114":1,"115":1,"116":1,"117":1,"118":1},"b":{"0":[12,11],"1":[69,8],"2":[7,1],"3":[11,4],"4":[1,3],"5":[45,41],"6":[1,40],"7":[10,16],"8":[1,1],"9":[14,2],"10":[1,1],"11":[46,22],"12":[1,1]}}
,"/Users/yuta/work/engine/firestore-rules/packages/core/src/operator.ts": {"path":"/Users/yuta/work/engine/firestore-rules/packages/core/src/operator.ts","statementMap":{"0":{"start":{"line":1,"column":0},"end":{"line":1,"column":null}},"1":{"start":{"line":7,"column":0},"end":{"line":7,"column":53}},"2":{"start":{"line":8,"column":0},"end":{"line":8,"column":null}},"3":{"start":{"line":20,"column":19},"end":{"line":31,"column":1}},"4":{"start":{"line":25,"column":2},"end":{"line":30,"column":null}},"5":{"start":{"line":20,"column":13},"end":{"line":20,"column":19}},"6":{"start":{"line":33,"column":18},"end":{"line":41,"column":1}},"7":{"start":{"line":38,"column":2},"end":{"line":40,"column":null}},"8":{"start":{"line":33,"column":13},"end":{"line":33,"column":18}},"9":{"start":{"line":43,"column":19},"end":{"line":47,"column":1}},"10":{"start":{"line":44,"column":2},"end":{"line":46,"column":null}},"11":{"start":{"line":43,"column":13},"end":{"line":43,"column":19}},"12":{"start":{"line":49,"column":18},"end":{"line":64,"column":1}},"13":{"start":{"line":61,"column":2},"end":{"line":63,"column":null}},"14":{"start":{"line":49,"column":13},"end":{"line":49,"column":18}},"15":{"start":{"line":66,"column":18},"end":{"line":75,"column":1}},"16":{"start":{"line":72,"column":2},"end":{"line":74,"column":null}},"17":{"start":{"line":66,"column":13},"end":{"line":66,"column":18}},"18":{"start":{"line":77,"column":18},"end":{"line":86,"column":1}},"19":{"start":{"line":83,"column":2},"end":{"line":85,"column":null}},"20":{"start":{"line":77,"column":13},"end":{"line":77,"column":18}},"21":{"start":{"line":88,"column":18},"end":{"line":97,"column":1}},"22":{"start":{"line":94,"column":2},"end":{"line":96,"column":null}},"23":{"start":{"line":88,"column":13},"end":{"line":88,"column":18}},"24":{"start":{"line":99,"column":19},"end":{"line":108,"column":1}},"25":{"start":{"line":105,"column":2},"end":{"line":107,"column":null}},"26":{"start":{"line":99,"column":13},"end":{"line":99,"column":19}},"27":{"start":{"line":110,"column":19},"end":{"line":119,"column":1}},"28":{"start":{"line":116,"column":2},"end":{"line":118,"column":null}},"29":{"start":{"line":110,"column":13},"end":{"line":110,"column":19}},"30":{"start":{"line":121,"column":20},"end":{"line":135,"column":1}},"31":{"start":{"line":128,"column":14},"end":{"line":128,"column":70}},"32":{"start":{"line":129,"column":2},"end":{"line":134,"column":null}},"33":{"start":{"line":121,"column":13},"end":{"line":121,"column":20}},"34":{"start":{"line":137,"column":21},"end":{"line":149,"column":1}},"35":{"start":{"line":142,"column":14},"end":{"line":142,"column":70}},"36":{"start":{"line":143,"column":2},"end":{"line":148,"column":null}},"37":{"start":{"line":137,"column":13},"end":{"line":137,"column":21}},"38":{"start":{"line":151,"column":19},"end":{"line":155,"column":1}},"39":{"start":{"line":152,"column":2},"end":{"line":154,"column":null}},"40":{"start":{"line":151,"column":13},"end":{"line":151,"column":19}},"41":{"start":{"line":157,"column":21},"end":{"line":168,"column":1}},"42":{"start":{"line":162,"column":2},"end":{"line":167,"column":null}},"43":{"start":{"line":157,"column":13},"end":{"line":157,"column":21}},"44":{"start":{"line":170,"column":19},"end":{"line":177,"column":1}},"45":{"start":{"line":174,"column":2},"end":{"line":176,"column":null}},"46":{"start":{"line":170,"column":13},"end":{"line":170,"column":19}},"47":{"start":{"line":179,"column":19},"end":{"line":182,"column":1}},"48":{"start":{"line":180,"column":14},"end":{"line":180,"column":71}},"49":{"start":{"line":181,"column":2},"end":{"line":181,"column":null}},"50":{"start":{"line":179,"column":13},"end":{"line":179,"column":19}},"51":{"start":{"line":199,"column":2},"end":{"line":201,"column":null}},"52":{"start":{"line":204,"column":9},"end":{"line":204,"column":12}},"53":{"start":{"line":206,"column":18},"end":{"line":212,"column":1}},"54":{"start":{"line":207,"column":2},"end":{"line":211,"column":null}},"55":{"start":{"line":206,"column":13},"end":{"line":206,"column":18}}},"fnMap":{"0":{"name":"(anonymous_0)","decl":{"start":{"line":20,"column":19},"end":{"line":20,"column":null}},"loc":{"start":{"line":24,"column":4},"end":{"line":31,"column":1}}},"1":{"name":"(anonymous_1)","decl":{"start":{"line":33,"column":18},"end":{"line":33,"column":null}},"loc":{"start":{"line":37,"column":4},"end":{"line":41,"column":1}}},"2":{"name":"(anonymous_2)","decl":{"start":{"line":43,"column":19},"end":{"line":43,"column":20}},"loc":{"start":{"line":43,"column":59},"end":{"line":47,"column":1}}},"3":{"name":"(anonymous_3)","decl":{"start":{"line":49,"column":18},"end":{"line":49,"column":null}},"loc":{"start":{"line":60,"column":4},"end":{"line":64,"column":1}}},"4":{"name":"(anonymous_4)","decl":{"start":{"line":66,"column":18},"end":{"line":66,"column":null}},"loc":{"start":{"line":71,"column":4},"end":{"line":75,"column":1}}},"5":{"name":"(anonymous_5)","decl":{"start":{"line":77,"column":18},"end":{"line":77,"column":null}},"loc":{"start":{"line":82,"column":4},"end":{"line":86,"column":1}}},"6":{"name":"(anonymous_6)","decl":{"start":{"line":88,"column":18},"end":{"line":88,"column":null}},"loc":{"start":{"line":93,"column":4},"end":{"line":97,"column":1}}},"7":{"name":"(anonymous_7)","decl":{"start":{"line":99,"column":19},"end":{"line":99,"column":null}},"loc":{"start":{"line":104,"column":4},"end":{"line":108,"column":1}}},"8":{"name":"(anonymous_8)","decl":{"start":{"line":110,"column":19},"end":{"line":110,"column":null}},"loc":{"start":{"line":115,"column":4},"end":{"line":119,"column":1}}},"9":{"name":"(anonymous_9)","decl":{"start":{"line":121,"column":20},"end":{"line":121,"column":null}},"loc":{"start":{"line":127,"column":4},"end":{"line":135,"column":1}}},"10":{"name":"(anonymous_10)","decl":{"start":{"line":137,"column":21},"end":{"line":137,"column":null}},"loc":{"start":{"line":141,"column":4},"end":{"line":149,"column":1}}},"11":{"name":"(anonymous_11)","decl":{"start":{"line":151,"column":19},"end":{"line":151,"column":56}},"loc":{"start":{"line":151,"column":77},"end":{"line":155,"column":1}}},"12":{"name":"(anonymous_12)","decl":{"start":{"line":157,"column":21},"end":{"line":157,"column":null}},"loc":{"start":{"line":161,"column":4},"end":{"line":168,"column":1}}},"13":{"name":"(anonymous_13)","decl":{"start":{"line":170,"column":19},"end":{"line":170,"column":null}},"loc":{"start":{"line":173,"column":4},"end":{"line":177,"column":1}}},"14":{"name":"(anonymous_14)","decl":{"start":{"line":179,"column":19},"end":{"line":179,"column":56}},"loc":{"start":{"line":179,"column":68},"end":{"line":182,"column":1}}},"15":{"name":"in_","decl":{"start":{"line":192,"column":9},"end":{"line":192,"column":12}},"loc":{"start":{"line":197,"column":30},"end":{"line":202,"column":1}}},"16":{"name":"(anonymous_16)","decl":{"start":{"line":206,"column":18},"end":{"line":206,"column":19}},"loc":{"start":{"line":206,"column":69},"end":{"line":212,"column":1}}}},"branchMap":{},"s":{"0":3,"1":3,"2":3,"3":3,"4":6,"5":3,"6":3,"7":1,"8":3,"9":3,"10":1,"11":3,"12":3,"13":7,"14":3,"15":3,"16":10,"17":3,"18":3,"19":1,"20":3,"21":3,"22":1,"23":3,"24":3,"25":1,"26":3,"27":3,"28":1,"29":3,"30":3,"31":1,"32":1,"33":3,"34":3,"35":1,"36":1,"37":3,"38":3,"39":1,"40":3,"41":3,"42":1,"43":3,"44":3,"45":1,"46":3,"47":3,"48":1,"49":1,"50":3,"51":3,"52":3,"53":3,"54":3,"55":3},"f":{"0":6,"1":1,"2":1,"3":7,"4":10,"5":1,"6":1,"7":1,"8":1,"9":1,"10":1,"11":1,"12":1,"13":1,"14":1,"15":3,"16":3},"b":{}}
,"/Users/yuta/work/engine/firestore-rules/packages/core/src/statements.ts": {"path":"/Users/yuta/work/engine/firestore-rules/packages/core/src/statements.ts","statementMap":{"0":{"start":{"line":1,"column":0},"end":{"line":1,"column":80}},"1":{"start":{"line":2,"column":0},"end":{"line":2,"column":67}},"2":{"start":{"line":3,"column":0},"end":{"line":3,"column":null}},"3":{"start":{"line":11,"column":4},"end":{"line":11,"column":null}},"4":{"start":{"line":10,"column":23},"end":{"line":10,"column":38}},"5":{"start":{"line":14,"column":4},"end":{"line":17,"column":null}},"6":{"start":{"line":16,"column":18},"end":{"line":16,"column":27}},"7":{"start":{"line":9,"column":0},"end":{"line":9,"column":13}},"8":{"start":{"line":32,"column":4},"end":{"line":32,"column":null}},"9":{"start":{"line":29,"column":13},"end":{"line":29,"column":47}},"10":{"start":{"line":30,"column":13},"end":{"line":30,"column":52}},"11":{"start":{"line":35,"column":4},"end":{"line":35,"column":null}},"12":{"start":{"line":27,"column":0},"end":{"line":27,"column":13}},"13":{"start":{"line":51,"column":4},"end":{"line":51,"column":null}},"14":{"start":{"line":43,"column":13},"end":{"line":43,"column":25}},"15":{"start":{"line":44,"column":13},"end":{"line":44,"column":null}},"16":{"start":{"line":52,"column":4},"end":{"line":52,"column":null}},"17":{"start":{"line":53,"column":4},"end":{"line":60,"column":null}},"18":{"start":{"line":54,"column":6},"end":{"line":54,"column":null}},"19":{"start":{"line":56,"column":6},"end":{"line":59,"column":null}},"20":{"start":{"line":63,"column":4},"end":{"line":65,"column":null}},"21":{"start":{"line":64,"column":22},"end":{"line":64,"column":32}},"22":{"start":{"line":39,"column":0},"end":{"line":39,"column":13}},"23":{"start":{"line":71,"column":4},"end":{"line":71,"column":null}},"24":{"start":{"line":70,"column":23},"end":{"line":70,"column":33}},"25":{"start":{"line":74,"column":4},"end":{"line":74,"column":null}},"26":{"start":{"line":69,"column":0},"end":{"line":69,"column":13}},"27":{"start":{"line":80,"column":4},"end":{"line":80,"column":null}},"28":{"start":{"line":79,"column":23},"end":{"line":79,"column":65}},"29":{"start":{"line":83,"column":4},"end":{"line":85,"column":null}},"30":{"start":{"line":78,"column":0},"end":{"line":78,"column":13}},"31":{"start":{"line":91,"column":4},"end":{"line":91,"column":null}},"32":{"start":{"line":90,"column":23},"end":{"line":90,"column":68}},"33":{"start":{"line":94,"column":4},"end":{"line":94,"column":null}},"34":{"start":{"line":94,"column":38},"end":{"line":94,"column":48}},"35":{"start":{"line":89,"column":0},"end":{"line":89,"column":13}}},"fnMap":{"0":{"name":"(anonymous_0)","decl":{"start":{"line":10,"column":2},"end":{"line":10,"column":23}},"loc":{"start":{"line":10,"column":38},"end":{"line":12,"column":3}}},"1":{"name":"(anonymous_1)","decl":{"start":{"line":13,"column":2},"end":{"line":13,"column":8}},"loc":{"start":{"line":13,"column":8},"end":{"line":18,"column":3}}},"2":{"name":"(anonymous_2)","decl":{"start":{"line":16,"column":11},"end":{"line":16,"column":12}},"loc":{"start":{"line":16,"column":18},"end":{"line":16,"column":27}}},"3":{"name":"(anonymous_3)","decl":{"start":{"line":28,"column":2},"end":{"line":28,"column":null}},"loc":{"start":{"line":30,"column":52},"end":{"line":33,"column":3}}},"4":{"name":"(anonymous_4)","decl":{"start":{"line":34,"column":2},"end":{"line":34,"column":8}},"loc":{"start":{"line":34,"column":8},"end":{"line":36,"column":3}}},"5":{"name":"(anonymous_5)","decl":{"start":{"line":42,"column":2},"end":{"line":42,"column":null}},"loc":{"start":{"line":49,"column":32},"end":{"line":61,"column":3}}},"6":{"name":"(anonymous_6)","decl":{"start":{"line":62,"column":2},"end":{"line":62,"column":8}},"loc":{"start":{"line":62,"column":8},"end":{"line":66,"column":3}}},"7":{"name":"(anonymous_7)","decl":{"start":{"line":64,"column":15},"end":{"line":64,"column":16}},"loc":{"start":{"line":64,"column":22},"end":{"line":64,"column":32}}},"8":{"name":"(anonymous_8)","decl":{"start":{"line":70,"column":2},"end":{"line":70,"column":23}},"loc":{"start":{"line":70,"column":33},"end":{"line":72,"column":3}}},"9":{"name":"(anonymous_9)","decl":{"start":{"line":73,"column":2},"end":{"line":73,"column":8}},"loc":{"start":{"line":73,"column":8},"end":{"line":75,"column":3}}},"10":{"name":"(anonymous_10)","decl":{"start":{"line":79,"column":2},"end":{"line":79,"column":23}},"loc":{"start":{"line":79,"column":65},"end":{"line":81,"column":3}}},"11":{"name":"(anonymous_11)","decl":{"start":{"line":82,"column":2},"end":{"line":82,"column":8}},"loc":{"start":{"line":82,"column":8},"end":{"line":86,"column":3}}},"12":{"name":"(anonymous_12)","decl":{"start":{"line":90,"column":2},"end":{"line":90,"column":23}},"loc":{"start":{"line":90,"column":68},"end":{"line":92,"column":3}}},"13":{"name":"(anonymous_13)","decl":{"start":{"line":93,"column":2},"end":{"line":93,"column":8}},"loc":{"start":{"line":93,"column":8},"end":{"line":95,"column":3}}},"14":{"name":"(anonymous_14)","decl":{"start":{"line":94,"column":31},"end":{"line":94,"column":32}},"loc":{"start":{"line":94,"column":38},"end":{"line":94,"column":48}}}},"branchMap":{"0":{"loc":{"start":{"line":53,"column":4},"end":{"line":60,"column":null}},"type":"if","locations":[{"start":{"line":53,"column":4},"end":{"line":60,"column":null}},{"start":{"line":53,"column":4},"end":{"line":60,"column":null}}]}},"s":{"0":1,"1":1,"2":1,"3":5,"4":5,"5":5,"6":7,"7":1,"8":10,"9":10,"10":10,"11":10,"12":1,"13":5,"14":5,"15":5,"16":5,"17":5,"18":2,"19":3,"20":5,"21":16,"22":1,"23":2,"24":2,"25":2,"26":1,"27":2,"28":2,"29":2,"30":1,"31":1,"32":1,"33":1,"34":3,"35":1},"f":{"0":5,"1":5,"2":7,"3":10,"4":10,"5":5,"6":5,"7":16,"8":2,"9":2,"10":2,"11":2,"12":1,"13":1,"14":3},"b":{"0":[2,3]}}
}
