TN:
SF:src/base.ts
FN:12,(anonymous_0)
FN:18,(anonymous_1)
FN:24,(anonymous_2)
FN:28,(anonymous_3)
FN:32,(anonymous_4)
FN:37,(anonymous_5)
FN:42,(anonymous_6)
FN:48,(anonymous_7)
FN:53,(anonymous_8)
FN:93,(anonymous_9)
FN:139,(anonymous_10)
FN:159,(anonymous_11)
FN:164,(anonymous_12)
FN:171,(anonymous_13)
FN:173,(anonymous_14)
FN:174,(anonymous_15)
FNF:16
FNH:16
FNDA:1,(anonymous_0)
FNDA:1,(anonymous_1)
FNDA:984,(anonymous_2)
FNDA:942,(anonymous_3)
FNDA:265,(anonymous_4)
FNDA:137,(anonymous_5)
FNDA:66,(anonymous_6)
FNDA:4,(anonymous_7)
FNDA:2,(anonymous_8)
FNDA:150,(anonymous_9)
FNDA:142,(anonymous_10)
FNDA:359,(anonymous_11)
FNDA:329,(anonymous_12)
FNDA:102,(anonymous_13)
FNDA:102,(anonymous_14)
FNDA:72,(anonymous_15)
DA:11,6
DA:13,1
DA:17,6
DA:19,1
DA:23,6
DA:24,984
DA:25,984
DA:29,942
DA:35,265
DA:40,137
DA:46,66
DA:51,4
DA:57,2
DA:61,6
DA:102,150
DA:103,140
DA:107,139
DA:108,139
DA:110,1
DA:114,10
DA:115,6
DA:116,5
DA:117,5
DA:119,1
DA:124,4
DA:129,3
DA:130,3
DA:132,1
DA:140,142
DA:141,134
DA:142,67
DA:144,67
DA:147,8
DA:148,5
DA:150,3
DA:151,3
DA:154,0
DA:158,6
DA:160,359
DA:164,329
DA:170,6
DA:171,102
DA:172,102
DA:174,102
DA:179,6
LF:45
LH:44
BRDA:102,0,0,140
BRDA:102,0,1,10
BRDA:103,1,0,139
BRDA:103,1,1,1
BRDA:104,2,0,140
BRDA:104,2,1,68
BRDA:114,3,0,6
BRDA:114,3,1,4
BRDA:115,4,0,5
BRDA:115,4,1,1
BRDA:115,5,0,6
BRDA:115,5,1,5
BRDA:124,6,0,3
BRDA:124,6,1,1
BRDA:125,7,0,4
BRDA:125,7,1,4
BRDA:125,7,2,3
BRDA:140,8,0,134
BRDA:140,8,1,8
BRDA:141,9,0,67
BRDA:141,9,1,67
BRDA:147,10,0,5
BRDA:147,10,1,3
BRDA:150,11,0,3
BRDA:150,11,1,0
BRDA:162,12,0,84
BRDA:162,12,1,275
BRF:27
BRH:26
end_of_record
TN:
SF:src/condition.ts
FN:8,(anonymous_0)
FN:14,(anonymous_1)
FN:18,(anonymous_2)
FN:27,(anonymous_3)
FN:27,(anonymous_4)
FN:31,(anonymous_5)
FN:33,(anonymous_6)
FN:35,(anonymous_7)
FNF:8
FNH:8
FNDA:30,(anonymous_0)
FNDA:30,(anonymous_1)
FNDA:12,(anonymous_2)
FNDA:12,(anonymous_3)
FNDA:30,(anonymous_4)
FNDA:3,(anonymous_5)
FNDA:3,(anonymous_6)
FNDA:6,(anonymous_7)
DA:1,4
DA:7,4
DA:13,30
DA:14,30
DA:26,12
DA:27,30
DA:32,3
DA:34,3
DA:35,6
LF:9
LH:9
BRDA:35,0,0,3
BRDA:35,0,1,3
BRF:2
BRH:2
end_of_record
TN:
SF:src/functions.ts
FN:20,(anonymous_0)
FN:26,(anonymous_1)
FN:34,(anonymous_2)
FN:42,(anonymous_3)
FN:54,(anonymous_4)
FN:63,(anonymous_5)
FN:70,(anonymous_6)
FN:76,(anonymous_7)
FN:82,(anonymous_8)
FN:93,(anonymous_9)
FN:96,(anonymous_10)
FN:109,(anonymous_11)
FNF:12
FNH:12
FNDA:2,(anonymous_0)
FNDA:3,(anonymous_1)
FNDA:3,(anonymous_2)
FNDA:4,(anonymous_3)
FNDA:1,(anonymous_4)
FNDA:9,(anonymous_5)
FNDA:9,(anonymous_6)
FNDA:14,(anonymous_7)
FNDA:2,(anonymous_8)
FNDA:14,(anonymous_9)
FNDA:5,(anonymous_10)
FNDA:8,(anonymous_11)
DA:1,2
DA:9,2
DA:20,2
DA:21,2
DA:26,2
DA:29,3
DA:34,2
DA:37,3
DA:42,2
DA:49,4
DA:54,2
DA:55,1
DA:60,2
DA:64,9
DA:65,9
DA:66,9
DA:68,9
DA:71,9
DA:77,14
DA:78,1
DA:82,2
DA:86,13
DA:87,13
DA:91,2
DA:94,14
DA:97,5
DA:98,5
DA:109,2
DA:113,8
DA:114,8
DA:118,8
LF:31
LH:31
BRDA:77,0,0,1
BRDA:77,0,1,13
BRF:2
BRH:2
end_of_record
TN:
SF:src/index.ts
FNF:0
FNH:0
DA:1,0
DA:2,0
DA:3,0
DA:4,0
DA:5,0
DA:6,0
LF:6
LH:0
BRF:0
BRH:0
end_of_record
TN:
SF:src/literal.ts
FN:13,(anonymous_0)
FN:24,(anonymous_1)
FN:40,(anonymous_2)
FN:45,(anonymous_3)
FN:49,(anonymous_4)
FN:52,(anonymous_5)
FN:63,(anonymous_6)
FN:66,(anonymous_7)
FN:77,(anonymous_8)
FN:96,(anonymous_9)
FN:115,(anonymous_10)
FN:119,(anonymous_11)
FN:123,(anonymous_12)
FN:137,(anonymous_13)
FN:142,(anonymous_14)
FN:142,(anonymous_15)
FN:149,(anonymous_16)
FN:162,(anonymous_17)
FN:168,(anonymous_18)
FN:172,(anonymous_19)
FN:176,(anonymous_20)
FN:180,(anonymous_21)
FN:186,(anonymous_22)
FN:192,(anonymous_23)
FN:196,(anonymous_24)
FN:209,(anonymous_25)
FN:213,(anonymous_26)
FN:217,(anonymous_27)
FN:223,(anonymous_28)
FN:231,(anonymous_29)
FN:235,(anonymous_30)
FN:239,(anonymous_31)
FN:250,(anonymous_32)
FN:253,(anonymous_33)
FN:256,(anonymous_34)
FN:259,(anonymous_35)
FN:262,(anonymous_36)
FN:280,(anonymous_37)
FN:290,(anonymous_38)
FN:294,(anonymous_39)
FN:298,(anonymous_40)
FN:309,(anonymous_41)
FN:312,(anonymous_42)
FN:315,(anonymous_43)
FN:318,(anonymous_44)
FN:321,(anonymous_45)
FN:324,(anonymous_46)
FN:329,(anonymous_47)
FN:332,(anonymous_48)
FN:337,(anonymous_49)
FN:340,(anonymous_50)
FN:343,(anonymous_51)
FN:346,(anonymous_52)
FN:349,(anonymous_53)
FN:352,(anonymous_54)
FN:355,(anonymous_55)
FN:362,(anonymous_56)
FN:365,(anonymous_57)
FN:368,(anonymous_58)
FN:379,(anonymous_59)
FN:382,(anonymous_60)
FN:385,(anonymous_61)
FN:395,(anonymous_62)
FN:406,(anonymous_63)
FN:409,(anonymous_64)
FN:414,(anonymous_65)
FN:424,(anonymous_66)
FN:446,(anonymous_67)
FN:450,(anonymous_68)
FN:454,(anonymous_69)
FN:458,(anonymous_70)
FN:470,(anonymous_71)
FN:473,(anonymous_72)
FN:480,(anonymous_73)
FN:487,(anonymous_74)
FN:494,(anonymous_75)
FN:509,(anonymous_76)
FN:512,(anonymous_77)
FN:525,(anonymous_78)
FN:528,(anonymous_79)
FN:531,(anonymous_80)
FN:534,(anonymous_81)
FN:537,(anonymous_82)
FN:542,(anonymous_83)
FN:545,(anonymous_84)
FN:550,(anonymous_85)
FN:553,(anonymous_86)
FN:564,(anonymous_87)
FN:567,(anonymous_88)
FN:576,(anonymous_89)
FN:591,(anonymous_90)
FN:596,(anonymous_91)
FN:599,(anonymous_92)
FN:602,(anonymous_93)
FN:607,(anonymous_94)
FN:614,(anonymous_95)
FN:617,(anonymous_96)
FN:630,(anonymous_97)
FN:637,(anonymous_98)
FN:648,(anonymous_99)
FN:651,(anonymous_100)
FN:654,(anonymous_101)
FN:659,(anonymous_102)
FN:662,(anonymous_103)
FN:665,(anonymous_104)
FN:668,(anonymous_105)
FN:671,(anonymous_106)
FN:682,(anonymous_107)
FN:685,(anonymous_108)
FN:688,(anonymous_109)
FN:691,(anonymous_110)
FN:694,(anonymous_111)
FN:697,(anonymous_112)
FN:700,(anonymous_113)
FN:703,(anonymous_114)
FN:706,(anonymous_115)
FN:709,(anonymous_116)
FN:712,(anonymous_117)
FN:715,(anonymous_118)
FNF:119
FNH:110
FNDA:12,(anonymous_0)
FNDA:77,(anonymous_1)
FNDA:0,(anonymous_2)
FNDA:0,(anonymous_3)
FNDA:0,(anonymous_4)
FNDA:0,(anonymous_5)
FNDA:1,(anonymous_6)
FNDA:1,(anonymous_7)
FNDA:15,(anonymous_8)
FNDA:86,(anonymous_9)
FNDA:1,(anonymous_10)
FNDA:1,(anonymous_11)
FNDA:1,(anonymous_12)
FNDA:26,(anonymous_13)
FNDA:16,(anonymous_14)
FNDA:46,(anonymous_15)
FNDA:2,(anonymous_16)
FNDA:1,(anonymous_17)
FNDA:1,(anonymous_18)
FNDA:1,(anonymous_19)
FNDA:1,(anonymous_20)
FNDA:1,(anonymous_21)
FNDA:1,(anonymous_22)
FNDA:1,(anonymous_23)
FNDA:1,(anonymous_24)
FNDA:1,(anonymous_25)
FNDA:70,(anonymous_26)
FNDA:1,(anonymous_27)
FNDA:2,(anonymous_28)
FNDA:1,(anonymous_29)
FNDA:2,(anonymous_30)
FNDA:1,(anonymous_31)
FNDA:1,(anonymous_32)
FNDA:1,(anonymous_33)
FNDA:1,(anonymous_34)
FNDA:1,(anonymous_35)
FNDA:1,(anonymous_36)
FNDA:16,(anonymous_37)
FNDA:1,(anonymous_38)
FNDA:1,(anonymous_39)
FNDA:1,(anonymous_40)
FNDA:17,(anonymous_41)
FNDA:2,(anonymous_42)
FNDA:2,(anonymous_43)
FNDA:3,(anonymous_44)
FNDA:3,(anonymous_45)
FNDA:2,(anonymous_46)
FNDA:8,(anonymous_47)
FNDA:3,(anonymous_48)
FNDA:2,(anonymous_49)
FNDA:2,(anonymous_50)
FNDA:2,(anonymous_51)
FNDA:2,(anonymous_52)
FNDA:2,(anonymous_53)
FNDA:2,(anonymous_54)
FNDA:2,(anonymous_55)
FNDA:2,(anonymous_56)
FNDA:2,(anonymous_57)
FNDA:2,(anonymous_58)
FNDA:2,(anonymous_59)
FNDA:3,(anonymous_60)
FNDA:2,(anonymous_61)
FNDA:2,(anonymous_62)
FNDA:6,(anonymous_63)
FNDA:1,(anonymous_64)
FNDA:1,(anonymous_65)
FNDA:1,(anonymous_66)
FNDA:1,(anonymous_67)
FNDA:1,(anonymous_68)
FNDA:1,(anonymous_69)
FNDA:1,(anonymous_70)
FNDA:6,(anonymous_71)
FNDA:0,(anonymous_72)
FNDA:0,(anonymous_73)
FNDA:0,(anonymous_74)
FNDA:0,(anonymous_75)
FNDA:6,(anonymous_76)
FNDA:1,(anonymous_77)
FNDA:6,(anonymous_78)
FNDA:1,(anonymous_79)
FNDA:1,(anonymous_80)
FNDA:1,(anonymous_81)
FNDA:1,(anonymous_82)
FNDA:1,(anonymous_83)
FNDA:1,(anonymous_84)
FNDA:1,(anonymous_85)
FNDA:1,(anonymous_86)
FNDA:6,(anonymous_87)
FNDA:1,(anonymous_88)
FNDA:1,(anonymous_89)
FNDA:1,(anonymous_90)
FNDA:1,(anonymous_91)
FNDA:1,(anonymous_92)
FNDA:1,(anonymous_93)
FNDA:1,(anonymous_94)
FNDA:1,(anonymous_95)
FNDA:1,(anonymous_96)
FNDA:68,(anonymous_97)
FNDA:2,(anonymous_98)
FNDA:1,(anonymous_99)
FNDA:1,(anonymous_100)
FNDA:1,(anonymous_101)
FNDA:1,(anonymous_102)
FNDA:1,(anonymous_103)
FNDA:0,(anonymous_104)
FNDA:1,(anonymous_105)
FNDA:1,(anonymous_106)
FNDA:1,(anonymous_107)
FNDA:1,(anonymous_108)
FNDA:1,(anonymous_109)
FNDA:1,(anonymous_110)
FNDA:1,(anonymous_111)
FNDA:1,(anonymous_112)
FNDA:1,(anonymous_113)
FNDA:1,(anonymous_114)
FNDA:1,(anonymous_115)
FNDA:1,(anonymous_116)
FNDA:1,(anonymous_117)
FNDA:1,(anonymous_118)
DA:1,5
DA:12,5
DA:14,12
DA:23,5
DA:25,77
DA:26,69
DA:28,8
DA:39,5
DA:41,0
DA:42,0
DA:46,0
DA:50,0
DA:53,0
DA:62,5
DA:64,1
DA:67,1
DA:76,5
DA:78,15
DA:79,11
DA:81,4
DA:95,5
DA:97,86
DA:98,45
DA:100,41
DA:101,1
DA:102,1
DA:104,40
DA:114,5
DA:116,1
DA:120,1
DA:124,1
DA:133,5
DA:138,26
DA:139,10
DA:140,10
DA:142,46
DA:143,16
DA:153,2
DA:154,1
DA:159,1
DA:163,1
DA:169,1
DA:173,1
DA:177,1
DA:181,1
DA:187,1
DA:193,1
DA:197,1
DA:208,5
DA:210,1
DA:214,70
DA:218,1
DA:227,2
DA:228,2
DA:232,1
DA:236,2
DA:240,1
DA:249,5
DA:251,1
DA:254,1
DA:257,1
DA:260,1
DA:263,1
DA:272,5
DA:279,5
DA:281,16
DA:282,14
DA:284,2
DA:285,1
DA:287,1
DA:291,1
DA:295,1
DA:299,1
DA:308,5
DA:310,17
DA:313,2
DA:316,2
DA:319,3
DA:322,3
DA:325,2
DA:328,5
DA:330,8
DA:333,3
DA:336,5
DA:338,2
DA:341,2
DA:344,2
DA:347,2
DA:350,2
DA:353,2
DA:356,2
DA:361,5
DA:363,2
DA:366,2
DA:369,2
DA:378,5
DA:380,2
DA:383,3
DA:386,2
DA:395,5
DA:396,2
DA:397,2
DA:405,5
DA:407,6
DA:410,1
DA:420,1
DA:428,1
DA:439,5
DA:447,1
DA:451,1
DA:455,1
DA:459,1
DA:469,5
DA:471,6
DA:476,0
DA:483,0
DA:490,0
DA:497,0
DA:508,5
DA:510,6
DA:513,1
DA:524,5
DA:526,6
DA:529,1
DA:532,1
DA:535,1
DA:538,1
DA:543,1
DA:546,1
DA:551,1
DA:554,1
DA:563,5
DA:565,6
DA:572,1
DA:577,1
DA:588,5
DA:592,1
DA:597,1
DA:600,1
DA:603,1
DA:610,1
DA:615,1
DA:618,1
DA:629,5
DA:631,68
DA:632,46
DA:634,22
DA:638,2
DA:639,1
DA:644,1
DA:649,1
DA:652,1
DA:655,1
DA:660,1
DA:663,1
DA:666,0
DA:669,1
DA:672,1
DA:681,5
DA:683,1
DA:686,1
DA:689,1
DA:692,1
DA:695,1
DA:698,1
DA:701,1
DA:704,1
DA:707,1
DA:710,1
DA:713,1
DA:716,1
DA:724,5
LF:172
LH:162
BRDA:14,0,0,12
BRDA:14,0,1,11
BRDA:25,1,0,69
BRDA:25,1,1,8
BRDA:28,2,0,7
BRDA:28,2,1,1
BRDA:78,3,0,11
BRDA:78,3,1,4
BRDA:83,4,0,1
BRDA:83,4,1,3
BRDA:97,5,0,45
BRDA:97,5,1,41
BRDA:100,6,0,1
BRDA:100,6,1,40
BRDA:138,7,0,10
BRDA:138,7,1,16
BRDA:153,8,0,1
BRDA:153,8,1,1
BRDA:281,9,0,14
BRDA:281,9,1,2
BRDA:284,10,0,1
BRDA:284,10,1,1
BRDA:631,11,0,46
BRDA:631,11,1,22
BRDA:638,12,0,1
BRDA:638,12,1,1
BRF:26
BRH:26
end_of_record
TN:
SF:src/operator.ts
FN:20,(anonymous_0)
FN:33,(anonymous_1)
FN:43,(anonymous_2)
FN:49,(anonymous_3)
FN:66,(anonymous_4)
FN:77,(anonymous_5)
FN:88,(anonymous_6)
FN:99,(anonymous_7)
FN:110,(anonymous_8)
FN:121,(anonymous_9)
FN:137,(anonymous_10)
FN:151,(anonymous_11)
FN:157,(anonymous_12)
FN:170,(anonymous_13)
FN:179,(anonymous_14)
FN:192,in_
FN:206,(anonymous_16)
FNF:17
FNH:17
FNDA:6,(anonymous_0)
FNDA:1,(anonymous_1)
FNDA:1,(anonymous_2)
FNDA:7,(anonymous_3)
FNDA:10,(anonymous_4)
FNDA:1,(anonymous_5)
FNDA:1,(anonymous_6)
FNDA:1,(anonymous_7)
FNDA:1,(anonymous_8)
FNDA:1,(anonymous_9)
FNDA:1,(anonymous_10)
FNDA:1,(anonymous_11)
FNDA:1,(anonymous_12)
FNDA:1,(anonymous_13)
FNDA:1,(anonymous_14)
FNDA:3,in_
FNDA:3,(anonymous_16)
DA:1,3
DA:7,3
DA:8,3
DA:20,3
DA:25,6
DA:33,3
DA:38,1
DA:43,3
DA:44,1
DA:49,3
DA:61,7
DA:66,3
DA:72,10
DA:77,3
DA:83,1
DA:88,3
DA:94,1
DA:99,3
DA:105,1
DA:110,3
DA:116,1
DA:121,3
DA:128,1
DA:129,1
DA:137,3
DA:142,1
DA:143,1
DA:151,3
DA:152,1
DA:157,3
DA:162,1
DA:170,3
DA:174,1
DA:179,3
DA:180,1
DA:181,1
DA:199,3
DA:204,3
DA:206,3
DA:207,3
LF:40
LH:40
BRF:0
BRH:0
end_of_record
TN:
SF:src/statements.ts
FN:10,(anonymous_0)
FN:13,(anonymous_1)
FN:16,(anonymous_2)
FN:28,(anonymous_3)
FN:34,(anonymous_4)
FN:42,(anonymous_5)
FN:62,(anonymous_6)
FN:64,(anonymous_7)
FN:70,(anonymous_8)
FN:73,(anonymous_9)
FN:79,(anonymous_10)
FN:82,(anonymous_11)
FN:90,(anonymous_12)
FN:93,(anonymous_13)
FN:94,(anonymous_14)
FNF:15
FNH:15
FNDA:5,(anonymous_0)
FNDA:5,(anonymous_1)
FNDA:7,(anonymous_2)
FNDA:10,(anonymous_3)
FNDA:10,(anonymous_4)
FNDA:5,(anonymous_5)
FNDA:5,(anonymous_6)
FNDA:16,(anonymous_7)
FNDA:2,(anonymous_8)
FNDA:2,(anonymous_9)
FNDA:2,(anonymous_10)
FNDA:2,(anonymous_11)
FNDA:1,(anonymous_12)
FNDA:1,(anonymous_13)
FNDA:3,(anonymous_14)
DA:1,1
DA:2,1
DA:3,1
DA:9,1
DA:10,5
DA:11,5
DA:14,5
DA:16,7
DA:27,1
DA:29,10
DA:30,10
DA:32,10
DA:35,10
DA:39,1
DA:43,5
DA:44,5
DA:51,5
DA:52,5
DA:53,5
DA:54,2
DA:56,3
DA:63,5
DA:64,16
DA:69,1
DA:70,2
DA:71,2
DA:74,2
DA:78,1
DA:79,2
DA:80,2
DA:83,2
DA:89,1
DA:90,1
DA:91,1
DA:94,3
LF:35
LH:35
BRDA:53,0,0,2
BRDA:53,0,1,3
BRF:2
BRH:2
end_of_record
