<?xml version="1.0" encoding="UTF-8"?>
<coverage generated="1617965696417" clover="3.2.0">
  <project timestamp="1617965696417" name="All files">
    <metrics statements="60" coveredstatements="57" conditionals="92" coveredconditionals="70" methods="21" coveredmethods="20" elements="173" coveredelements="147" complexity="0" loc="60" ncloc="60" packages="1" files="1" classes="1"/>
    <file name="models.ts" path="/Users/yuta/work/engine/firestore-rules/packages/model/src/models.ts">
      <metrics statements="60" coveredstatements="57" conditionals="92" coveredconditionals="70" methods="21" coveredmethods="20"/>
      <line num="1" count="1" type="stmt"/>
      <line num="2" count="1" type="stmt"/>
      <line num="7" count="1" type="stmt"/>
      <line num="26" count="1" type="stmt"/>
      <line num="29" count="0" type="stmt"/>
      <line num="31" count="3" type="stmt"/>
      <line num="32" count="3" type="stmt"/>
      <line num="34" count="3" type="stmt"/>
      <line num="35" count="3" type="stmt"/>
      <line num="36" count="3" type="stmt"/>
      <line num="39" count="3" type="cond" truecount="1" falsecount="1"/>
      <line num="40" count="0" type="stmt"/>
      <line num="42" count="3" type="cond" truecount="1" falsecount="1"/>
      <line num="43" count="0" type="stmt"/>
      <line num="45" count="3" type="stmt"/>
      <line num="47" count="3" type="stmt"/>
      <line num="48" count="3" type="stmt"/>
      <line num="49" count="3" type="stmt"/>
      <line num="58" count="16" type="cond" truecount="25" falsecount="9"/>
      <line num="59" count="16" type="stmt"/>
      <line num="60" count="16" type="cond" truecount="2" falsecount="0"/>
      <line num="61" count="16" type="stmt"/>
      <line num="63" count="16" type="stmt"/>
      <line num="64" count="6" type="stmt"/>
      <line num="66" count="16" type="stmt"/>
      <line num="74" count="6" type="cond" truecount="25" falsecount="9"/>
      <line num="75" count="6" type="cond" truecount="4" falsecount="0"/>
      <line num="76" count="4" type="stmt"/>
      <line num="78" count="2" type="cond" truecount="2" falsecount="0"/>
      <line num="79" count="2" type="stmt"/>
      <line num="83" count="1" type="stmt"/>
      <line num="87" count="3" type="stmt"/>
      <line num="88" count="3" type="stmt"/>
      <line num="91" count="17" type="stmt"/>
      <line num="94" count="8" type="stmt"/>
      <line num="96" count="8" type="stmt"/>
      <line num="97" count="3" type="stmt"/>
      <line num="98" count="3" type="stmt"/>
      <line num="99" count="3" type="stmt"/>
      <line num="100" count="3" type="stmt"/>
      <line num="101" count="3" type="stmt"/>
      <line num="102" count="3" type="stmt"/>
      <line num="104" count="3" type="stmt"/>
      <line num="105" count="8" type="stmt"/>
      <line num="106" count="8" type="cond" truecount="2" falsecount="0"/>
      <line num="107" count="4" type="stmt"/>
      <line num="110" count="3" type="cond" truecount="2" falsecount="0"/>
      <line num="111" count="3" type="cond" truecount="1" falsecount="1"/>
      <line num="112" count="3" type="cond" truecount="2" falsecount="0"/>
      <line num="114" count="3" type="cond" truecount="2" falsecount="0"/>
      <line num="116" count="3" type="cond" truecount="1" falsecount="1"/>
      <line num="118" count="3" type="stmt"/>
      <line num="119" count="1" type="stmt"/>
      <line num="121" count="3" type="stmt"/>
      <line num="123" count="3" type="stmt"/>
      <line num="127" count="1" type="stmt"/>
      <line num="130" count="3" type="stmt"/>
      <line num="133" count="1" type="stmt"/>
      <line num="136" count="1" type="stmt"/>
      <line num="139" count="3" type="stmt"/>
    </file>
  </project>
</coverage>
