{"/Users/yuta/work/engine/firestore-rules/packages/model/src/models.ts": {"path":"/Users/yuta/work/engine/firestore-rules/packages/model/src/models.ts","statementMap":{"0":{"start":{"line":1,"column":0},"end":{"line":1,"column":65}},"1":{"start":{"line":2,"column":0},"end":{"line":2,"column":null}},"2":{"start":{"line":7,"column":0},"end":{"line":7,"column":79}},"3":{"start":{"line":31,"column":11},"end":{"line":31,"column":null}},"4":{"start":{"line":32,"column":21},"end":{"line":33,"column":null}},"5":{"start":{"line":34,"column":21},"end":{"line":34,"column":null}},"6":{"start":{"line":35,"column":21},"end":{"line":35,"column":null}},"7":{"start":{"line":36,"column":21},"end":{"line":36,"column":null}},"8":{"start":{"line":39,"column":4},"end":{"line":41,"column":null}},"9":{"start":{"line":40,"column":6},"end":{"line":40,"column":null}},"10":{"start":{"line":42,"column":4},"end":{"line":44,"column":null}},"11":{"start":{"line":43,"column":6},"end":{"line":43,"column":null}},"12":{"start":{"line":45,"column":26},"end":{"line":47,"column":22}},"13":{"start":{"line":47,"column":17},"end":{"line":47,"column":21}},"14":{"start":{"line":48,"column":4},"end":{"line":53,"column":null}},"15":{"start":{"line":49,"column":34},"end":{"line":52,"column":8}},"16":{"start":{"line":29,"column":4},"end":{"line":29,"column":null}},"17":{"start":{"line":58,"column":6},"end":{"line":58,"column":78}},"18":{"start":{"line":59,"column":4},"end":{"line":59,"column":null}},"19":{"start":{"line":60,"column":19},"end":{"line":60,"column":51}},"20":{"start":{"line":61,"column":4},"end":{"line":69,"column":null}},"21":{"start":{"line":63,"column":8},"end":{"line":65,"column":null}},"22":{"start":{"line":64,"column":10},"end":{"line":64,"column":null}},"23":{"start":{"line":66,"column":8},"end":{"line":66,"column":null}},"24":{"start":{"line":74,"column":6},"end":{"line":74,"column":78}},"25":{"start":{"line":75,"column":4},"end":{"line":77,"column":null}},"26":{"start":{"line":76,"column":6},"end":{"line":76,"column":null}},"27":{"start":{"line":78,"column":4},"end":{"line":78,"column":null}},"28":{"start":{"line":79,"column":4},"end":{"line":79,"column":null}},"29":{"start":{"line":83,"column":4},"end":{"line":83,"column":null}},"30":{"start":{"line":87,"column":22},"end":{"line":122,"column":6}},"31":{"start":{"line":88,"column":24},"end":{"line":96,"column":53}},"32":{"start":{"line":91,"column":37},"end":{"line":91,"column":53}},"33":{"start":{"line":94,"column":12},"end":{"line":94,"column":75}},"34":{"start":{"line":96,"column":25},"end":{"line":96,"column":52}},"35":{"start":{"line":97,"column":18},"end":{"line":97,"column":28}},"36":{"start":{"line":98,"column":19},"end":{"line":98,"column":30}},"37":{"start":{"line":99,"column":21},"end":{"line":99,"column":34}},"38":{"start":{"line":100,"column":21},"end":{"line":100,"column":34}},"39":{"start":{"line":101,"column":22},"end":{"line":101,"column":35}},"40":{"start":{"line":102,"column":51},"end":{"line":102,"column":53}},"41":{"start":{"line":104,"column":6},"end":{"line":109,"column":null}},"42":{"start":{"line":105,"column":18},"end":{"line":105,"column":28}},"43":{"start":{"line":106,"column":8},"end":{"line":108,"column":null}},"44":{"start":{"line":107,"column":10},"end":{"line":107,"column":null}},"45":{"start":{"line":110,"column":6},"end":{"line":110,"column":null}},"46":{"start":{"line":111,"column":6},"end":{"line":111,"column":null}},"47":{"start":{"line":112,"column":6},"end":{"line":113,"column":null}},"48":{"start":{"line":114,"column":6},"end":{"line":115,"column":null}},"49":{"start":{"line":116,"column":6},"end":{"line":117,"column":null}},"50":{"start":{"line":118,"column":6},"end":{"line":120,"column":null}},"51":{"start":{"line":119,"column":8},"end":{"line":119,"column":null}},"52":{"start":{"line":121,"column":6},"end":{"line":121,"column":null}},"53":{"start":{"line":123,"column":4},"end":{"line":123,"column":null}},"54":{"start":{"line":127,"column":4},"end":{"line":127,"column":null}},"55":{"start":{"line":130,"column":4},"end":{"line":130,"column":null}},"56":{"start":{"line":133,"column":4},"end":{"line":133,"column":null}},"57":{"start":{"line":136,"column":4},"end":{"line":136,"column":null}},"58":{"start":{"line":139,"column":4},"end":{"line":139,"column":null}},"59":{"start":{"line":26,"column":0},"end":{"line":26,"column":13}}},"fnMap":{"0":{"name":"(anonymous_0)","decl":{"start":{"line":38,"column":2},"end":{"line":38,"column":null}},"loc":{"start":{"line":38,"column":2},"end":{"line":54,"column":3}}},"1":{"name":"(anonymous_1)","decl":{"start":{"line":47,"column":10},"end":{"line":47,"column":11}},"loc":{"start":{"line":47,"column":17},"end":{"line":47,"column":21}}},"2":{"name":"(anonymous_2)","decl":{"start":{"line":49,"column":24},"end":{"line":49,"column":25}},"loc":{"start":{"line":49,"column":34},"end":{"line":52,"column":8}}},"3":{"name":"(anonymous_3)","decl":{"start":{"line":28,"column":2},"end":{"line":28,"column":6}},"loc":{"start":{"line":28,"column":10},"end":{"line":30,"column":3}}},"4":{"name":"(anonymous_4)","decl":{"start":{"line":56,"column":2},"end":{"line":56,"column":12}},"loc":{"start":{"line":56,"column":55},"end":{"line":70,"column":3}}},"5":{"name":"(anonymous_5)","decl":{"start":{"line":62,"column":6},"end":{"line":62,"column":7}},"loc":{"start":{"line":62,"column":19},"end":{"line":67,"column":7}}},"6":{"name":"(anonymous_6)","decl":{"start":{"line":63,"column":23},"end":{"line":63,"column":24}},"loc":{"start":{"line":63,"column":33},"end":{"line":65,"column":9}}},"7":{"name":"(anonymous_7)","decl":{"start":{"line":72,"column":2},"end":{"line":72,"column":6}},"loc":{"start":{"line":72,"column":19},"end":{"line":80,"column":3}}},"8":{"name":"(anonymous_8)","decl":{"start":{"line":82,"column":2},"end":{"line":82,"column":13}},"loc":{"start":{"line":82,"column":50},"end":{"line":84,"column":3}}},"9":{"name":"(anonymous_9)","decl":{"start":{"line":86,"column":2},"end":{"line":86,"column":8}},"loc":{"start":{"line":86,"column":8},"end":{"line":124,"column":3}}},"10":{"name":"(anonymous_10)","decl":{"start":{"line":87,"column":72},"end":{"line":87,"column":75}},"loc":{"start":{"line":87,"column":77},"end":{"line":122,"column":5}}},"11":{"name":"(anonymous_11)","decl":{"start":{"line":91,"column":16},"end":{"line":91,"column":17}},"loc":{"start":{"line":91,"column":37},"end":{"line":91,"column":53}}},"12":{"name":"(anonymous_12)","decl":{"start":{"line":93,"column":10},"end":{"line":93,"column":11}},"loc":{"start":{"line":94,"column":12},"end":{"line":94,"column":75}}},"13":{"name":"(anonymous_13)","decl":{"start":{"line":96,"column":13},"end":{"line":96,"column":14}},"loc":{"start":{"line":96,"column":25},"end":{"line":96,"column":52}}},"14":{"name":"(anonymous_14)","decl":{"start":{"line":104,"column":24},"end":{"line":104,"column":25}},"loc":{"start":{"line":104,"column":33},"end":{"line":109,"column":7}}},"15":{"name":"(anonymous_15)","decl":{"start":{"line":118,"column":27},"end":{"line":118,"column":28}},"loc":{"start":{"line":118,"column":37},"end":{"line":120,"column":7}}},"16":{"name":"(anonymous_16)","decl":{"start":{"line":126,"column":2},"end":{"line":126,"column":5}},"loc":{"start":{"line":126,"column":5},"end":{"line":128,"column":3}}},"17":{"name":"(anonymous_17)","decl":{"start":{"line":129,"column":2},"end":{"line":129,"column":6}},"loc":{"start":{"line":129,"column":6},"end":{"line":131,"column":3}}},"18":{"name":"(anonymous_18)","decl":{"start":{"line":132,"column":2},"end":{"line":132,"column":8}},"loc":{"start":{"line":132,"column":8},"end":{"line":134,"column":3}}},"19":{"name":"(anonymous_19)","decl":{"start":{"line":135,"column":2},"end":{"line":135,"column":8}},"loc":{"start":{"line":135,"column":8},"end":{"line":137,"column":3}}},"20":{"name":"(anonymous_20)","decl":{"start":{"line":138,"column":2},"end":{"line":138,"column":8}},"loc":{"start":{"line":138,"column":8},"end":{"line":140,"column":3}}}},"branchMap":{"0":{"loc":{"start":{"line":39,"column":4},"end":{"line":41,"column":null}},"type":"if","locations":[{"start":{"line":39,"column":4},"end":{"line":41,"column":null}},{"start":{"line":39,"column":4},"end":{"line":41,"column":null}}]},"1":{"loc":{"start":{"line":42,"column":4},"end":{"line":44,"column":null}},"type":"if","locations":[{"start":{"line":42,"column":4},"end":{"line":44,"column":null}},{"start":{"line":42,"column":4},"end":{"line":44,"column":null}}]},"2":{"loc":{"start":{"line":58,"column":6},"end":{"line":58,"column":72}},"type":"binary-expr","locations":[{"start":{"line":58,"column":6},"end":{"line":58,"column":72}},{"start":{"line":58,"column":76},"end":{"line":58,"column":78}}]},"3":{"loc":{"start":{"line":58,"column":67},"end":{"line":58,"column":70}},"type":"cond-expr","locations":[{"start":{"line":58,"column":67},"end":{"line":58,"column":70}},{"start":{"line":58,"column":67},"end":{"line":58,"column":72}}]},"4":{"loc":{"start":{"line":58,"column":6},"end":{"line":58,"column":70}},"type":"binary-expr","locations":[{"start":{"line":58,"column":6},"end":{"line":58,"column":70}},{"start":{"line":58,"column":67},"end":{"line":58,"column":70}}]},"5":{"loc":{"start":{"line":58,"column":60},"end":{"line":58,"column":63}},"type":"cond-expr","locations":[{"start":{"line":58,"column":60},"end":{"line":58,"column":63}},{"start":{"line":58,"column":60},"end":{"line":58,"column":67}}]},"6":{"loc":{"start":{"line":58,"column":6},"end":{"line":58,"column":63}},"type":"binary-expr","locations":[{"start":{"line":58,"column":6},"end":{"line":58,"column":63}},{"start":{"line":58,"column":60},"end":{"line":58,"column":63}}]},"7":{"loc":{"start":{"line":58,"column":53},"end":{"line":58,"column":55}},"type":"cond-expr","locations":[{"start":{"line":58,"column":53},"end":{"line":58,"column":55}},{"start":{"line":58,"column":53},"end":{"line":58,"column":60}}]},"8":{"loc":{"start":{"line":58,"column":6},"end":{"line":58,"column":55}},"type":"binary-expr","locations":[{"start":{"line":58,"column":6},"end":{"line":58,"column":55}},{"start":{"line":58,"column":53},"end":{"line":58,"column":55}}]},"9":{"loc":{"start":{"line":58,"column":49},"end":{"line":58,"column":53}},"type":"cond-expr","locations":[{"start":{"line":58,"column":49},"end":{"line":58,"column":53}},{"start":{"line":58,"column":49},"end":{"line":58,"column":53}}]},"10":{"loc":{"start":{"line":58,"column":6},"end":{"line":58,"column":53}},"type":"binary-expr","locations":[{"start":{"line":58,"column":6},"end":{"line":58,"column":53}},{"start":{"line":58,"column":49},"end":{"line":58,"column":53}}]},"11":{"loc":{"start":{"line":58,"column":43},"end":{"line":58,"column":45}},"type":"cond-expr","locations":[{"start":{"line":58,"column":43},"end":{"line":58,"column":45}},{"start":{"line":58,"column":43},"end":{"line":58,"column":49}}]},"12":{"loc":{"start":{"line":58,"column":6},"end":{"line":58,"column":45}},"type":"binary-expr","locations":[{"start":{"line":58,"column":6},"end":{"line":58,"column":45}},{"start":{"line":58,"column":43},"end":{"line":58,"column":45}}]},"13":{"loc":{"start":{"line":58,"column":38},"end":{"line":58,"column":41}},"type":"cond-expr","locations":[{"start":{"line":58,"column":38},"end":{"line":58,"column":41}},{"start":{"line":58,"column":38},"end":{"line":58,"column":43}}]},"14":{"loc":{"start":{"line":58,"column":6},"end":{"line":58,"column":41}},"type":"binary-expr","locations":[{"start":{"line":58,"column":6},"end":{"line":58,"column":41}},{"start":{"line":58,"column":38},"end":{"line":58,"column":41}}]},"15":{"loc":{"start":{"line":58,"column":30},"end":{"line":58,"column":33}},"type":"cond-expr","locations":[{"start":{"line":58,"column":30},"end":{"line":58,"column":33}},{"start":{"line":58,"column":30},"end":{"line":58,"column":38}}]},"16":{"loc":{"start":{"line":58,"column":6},"end":{"line":58,"column":33}},"type":"binary-expr","locations":[{"start":{"line":58,"column":6},"end":{"line":58,"column":33}},{"start":{"line":58,"column":30},"end":{"line":58,"column":33}}]},"17":{"loc":{"start":{"line":58,"column":23},"end":{"line":58,"column":25}},"type":"cond-expr","locations":[{"start":{"line":58,"column":23},"end":{"line":58,"column":25}},{"start":{"line":58,"column":23},"end":{"line":58,"column":30}}]},"18":{"loc":{"start":{"line":58,"column":6},"end":{"line":58,"column":25}},"type":"binary-expr","locations":[{"start":{"line":58,"column":6},"end":{"line":58,"column":25}},{"start":{"line":58,"column":23},"end":{"line":58,"column":25}}]},"19":{"loc":{"start":{"line":60,"column":19},"end":{"line":60,"column":45}},"type":"binary-expr","locations":[{"start":{"line":60,"column":19},"end":{"line":60,"column":45}},{"start":{"line":60,"column":49},"end":{"line":60,"column":51}}]},"20":{"loc":{"start":{"line":74,"column":6},"end":{"line":74,"column":72}},"type":"binary-expr","locations":[{"start":{"line":74,"column":6},"end":{"line":74,"column":72}},{"start":{"line":74,"column":76},"end":{"line":74,"column":78}}]},"21":{"loc":{"start":{"line":74,"column":67},"end":{"line":74,"column":70}},"type":"cond-expr","locations":[{"start":{"line":74,"column":67},"end":{"line":74,"column":70}},{"start":{"line":74,"column":67},"end":{"line":74,"column":72}}]},"22":{"loc":{"start":{"line":74,"column":6},"end":{"line":74,"column":70}},"type":"binary-expr","locations":[{"start":{"line":74,"column":6},"end":{"line":74,"column":70}},{"start":{"line":74,"column":67},"end":{"line":74,"column":70}}]},"23":{"loc":{"start":{"line":74,"column":60},"end":{"line":74,"column":63}},"type":"cond-expr","locations":[{"start":{"line":74,"column":60},"end":{"line":74,"column":63}},{"start":{"line":74,"column":60},"end":{"line":74,"column":67}}]},"24":{"loc":{"start":{"line":74,"column":6},"end":{"line":74,"column":63}},"type":"binary-expr","locations":[{"start":{"line":74,"column":6},"end":{"line":74,"column":63}},{"start":{"line":74,"column":60},"end":{"line":74,"column":63}}]},"25":{"loc":{"start":{"line":74,"column":53},"end":{"line":74,"column":55}},"type":"cond-expr","locations":[{"start":{"line":74,"column":53},"end":{"line":74,"column":55}},{"start":{"line":74,"column":53},"end":{"line":74,"column":60}}]},"26":{"loc":{"start":{"line":74,"column":6},"end":{"line":74,"column":55}},"type":"binary-expr","locations":[{"start":{"line":74,"column":6},"end":{"line":74,"column":55}},{"start":{"line":74,"column":53},"end":{"line":74,"column":55}}]},"27":{"loc":{"start":{"line":74,"column":49},"end":{"line":74,"column":53}},"type":"cond-expr","locations":[{"start":{"line":74,"column":49},"end":{"line":74,"column":53}},{"start":{"line":74,"column":49},"end":{"line":74,"column":53}}]},"28":{"loc":{"start":{"line":74,"column":6},"end":{"line":74,"column":53}},"type":"binary-expr","locations":[{"start":{"line":74,"column":6},"end":{"line":74,"column":53}},{"start":{"line":74,"column":49},"end":{"line":74,"column":53}}]},"29":{"loc":{"start":{"line":74,"column":43},"end":{"line":74,"column":45}},"type":"cond-expr","locations":[{"start":{"line":74,"column":43},"end":{"line":74,"column":45}},{"start":{"line":74,"column":43},"end":{"line":74,"column":49}}]},"30":{"loc":{"start":{"line":74,"column":6},"end":{"line":74,"column":45}},"type":"binary-expr","locations":[{"start":{"line":74,"column":6},"end":{"line":74,"column":45}},{"start":{"line":74,"column":43},"end":{"line":74,"column":45}}]},"31":{"loc":{"start":{"line":74,"column":38},"end":{"line":74,"column":41}},"type":"cond-expr","locations":[{"start":{"line":74,"column":38},"end":{"line":74,"column":41}},{"start":{"line":74,"column":38},"end":{"line":74,"column":43}}]},"32":{"loc":{"start":{"line":74,"column":6},"end":{"line":74,"column":41}},"type":"binary-expr","locations":[{"start":{"line":74,"column":6},"end":{"line":74,"column":41}},{"start":{"line":74,"column":38},"end":{"line":74,"column":41}}]},"33":{"loc":{"start":{"line":74,"column":30},"end":{"line":74,"column":33}},"type":"cond-expr","locations":[{"start":{"line":74,"column":30},"end":{"line":74,"column":33}},{"start":{"line":74,"column":30},"end":{"line":74,"column":38}}]},"34":{"loc":{"start":{"line":74,"column":6},"end":{"line":74,"column":33}},"type":"binary-expr","locations":[{"start":{"line":74,"column":6},"end":{"line":74,"column":33}},{"start":{"line":74,"column":30},"end":{"line":74,"column":33}}]},"35":{"loc":{"start":{"line":74,"column":23},"end":{"line":74,"column":25}},"type":"cond-expr","locations":[{"start":{"line":74,"column":23},"end":{"line":74,"column":25}},{"start":{"line":74,"column":23},"end":{"line":74,"column":30}}]},"36":{"loc":{"start":{"line":74,"column":6},"end":{"line":74,"column":25}},"type":"binary-expr","locations":[{"start":{"line":74,"column":6},"end":{"line":74,"column":25}},{"start":{"line":74,"column":23},"end":{"line":74,"column":25}}]},"37":{"loc":{"start":{"line":75,"column":4},"end":{"line":77,"column":null}},"type":"if","locations":[{"start":{"line":75,"column":4},"end":{"line":77,"column":null}},{"start":{"line":75,"column":4},"end":{"line":77,"column":null}}]},"38":{"loc":{"start":{"line":75,"column":8},"end":{"line":75,"column":34}},"type":"binary-expr","locations":[{"start":{"line":75,"column":8},"end":{"line":75,"column":34}},{"start":{"line":75,"column":38},"end":{"line":75,"column":43}}]},"39":{"loc":{"start":{"line":78,"column":36},"end":{"line":78,"column":62}},"type":"binary-expr","locations":[{"start":{"line":78,"column":36},"end":{"line":78,"column":62}},{"start":{"line":78,"column":66},"end":{"line":78,"column":68}}]},"40":{"loc":{"start":{"line":106,"column":8},"end":{"line":108,"column":null}},"type":"if","locations":[{"start":{"line":106,"column":8},"end":{"line":108,"column":null}},{"start":{"line":106,"column":8},"end":{"line":108,"column":null}}]},"41":{"loc":{"start":{"line":110,"column":6},"end":{"line":110,"column":9}},"type":"binary-expr","locations":[{"start":{"line":110,"column":6},"end":{"line":110,"column":9}},{"start":{"line":110,"column":13},"end":{"line":110,"column":77}}]},"42":{"loc":{"start":{"line":111,"column":6},"end":{"line":111,"column":10}},"type":"binary-expr","locations":[{"start":{"line":111,"column":6},"end":{"line":111,"column":10}},{"start":{"line":111,"column":14},"end":{"line":111,"column":80}}]},"43":{"loc":{"start":{"line":112,"column":6},"end":{"line":112,"column":12}},"type":"binary-expr","locations":[{"start":{"line":112,"column":6},"end":{"line":112,"column":12}},{"start":{"line":113,"column":8},"end":{"line":113,"column":78}}]},"44":{"loc":{"start":{"line":114,"column":6},"end":{"line":114,"column":12}},"type":"binary-expr","locations":[{"start":{"line":114,"column":6},"end":{"line":114,"column":12}},{"start":{"line":115,"column":8},"end":{"line":115,"column":78}}]},"45":{"loc":{"start":{"line":116,"column":6},"end":{"line":116,"column":13}},"type":"binary-expr","locations":[{"start":{"line":116,"column":6},"end":{"line":116,"column":13}},{"start":{"line":117,"column":8},"end":{"line":117,"column":79}}]}},"s":{"0":1,"1":1,"2":1,"3":3,"4":3,"5":3,"6":3,"7":3,"8":3,"9":0,"10":3,"11":0,"12":3,"13":3,"14":3,"15":3,"16":0,"17":16,"18":16,"19":16,"20":16,"21":16,"22":6,"23":16,"24":6,"25":6,"26":4,"27":2,"28":2,"29":1,"30":3,"31":3,"32":17,"33":8,"34":8,"35":3,"36":3,"37":3,"38":3,"39":3,"40":3,"41":3,"42":8,"43":8,"44":4,"45":3,"46":3,"47":3,"48":3,"49":3,"50":3,"51":1,"52":3,"53":3,"54":1,"55":3,"56":1,"57":1,"58":3,"59":1},"f":{"0":3,"1":3,"2":3,"3":0,"4":16,"5":16,"6":6,"7":6,"8":1,"9":3,"10":3,"11":17,"12":8,"13":8,"14":8,"15":1,"16":1,"17":3,"18":1,"19":1,"20":3},"b":{"0":[0,3],"1":[0,3],"2":[16,0],"3":[0,16],"4":[16,16],"5":[0,16],"6":[16,16],"7":[0,16],"8":[16,16],"9":[0,16],"10":[16,16],"11":[0,16],"12":[16,16],"13":[0,16],"14":[16,16],"15":[0,16],"16":[16,16],"17":[0,16],"18":[16,16],"19":[16,10],"20":[6,0],"21":[0,6],"22":[6,6],"23":[0,6],"24":[6,6],"25":[0,6],"26":[6,6],"27":[0,6],"28":[6,6],"29":[0,6],"30":[6,6],"31":[0,6],"32":[6,6],"33":[0,6],"34":[6,6],"35":[0,6],"36":[6,6],"37":[4,2],"38":[6,2],"39":[2,2],"40":[4,4],"41":[3,2],"42":[3,0],"43":[3,2],"44":[3,2],"45":[3,0]}}
}
