TN:
SF:src/models.ts
FN:38,(anonymous_0)
FN:47,(anonymous_1)
FN:49,(anonymous_2)
FN:28,(anonymous_3)
FN:56,(anonymous_4)
FN:62,(anonymous_5)
FN:63,(anonymous_6)
FN:72,(anonymous_7)
FN:82,(anonymous_8)
FN:86,(anonymous_9)
FN:87,(anonymous_10)
FN:91,(anonymous_11)
FN:93,(anonymous_12)
FN:96,(anonymous_13)
FN:104,(anonymous_14)
FN:118,(anonymous_15)
FN:126,(anonymous_16)
FN:129,(anonymous_17)
FN:132,(anonymous_18)
FN:135,(anonymous_19)
FN:138,(anonymous_20)
FNF:21
FNH:20
FNDA:3,(anonymous_0)
FNDA:3,(anonymous_1)
FNDA:3,(anonymous_2)
FNDA:0,(anonymous_3)
FNDA:16,(anonymous_4)
FNDA:16,(anonymous_5)
FNDA:6,(anonymous_6)
FNDA:6,(anonymous_7)
FNDA:1,(anonymous_8)
FNDA:3,(anonymous_9)
FNDA:3,(anonymous_10)
FNDA:17,(anonymous_11)
FNDA:8,(anonymous_12)
FNDA:8,(anonymous_13)
FNDA:8,(anonymous_14)
FNDA:1,(anonymous_15)
FNDA:1,(anonymous_16)
FNDA:3,(anonymous_17)
FNDA:1,(anonymous_18)
FNDA:1,(anonymous_19)
FNDA:3,(anonymous_20)
DA:1,1
DA:2,1
DA:7,1
DA:26,1
DA:29,0
DA:31,3
DA:32,3
DA:34,3
DA:35,3
DA:36,3
DA:39,3
DA:40,0
DA:42,3
DA:43,0
DA:45,3
DA:47,3
DA:48,3
DA:49,3
DA:58,16
DA:59,16
DA:60,16
DA:61,16
DA:63,16
DA:64,6
DA:66,16
DA:74,6
DA:75,6
DA:76,4
DA:78,2
DA:79,2
DA:83,1
DA:87,3
DA:88,3
DA:91,17
DA:94,8
DA:96,8
DA:97,3
DA:98,3
DA:99,3
DA:100,3
DA:101,3
DA:102,3
DA:104,3
DA:105,8
DA:106,8
DA:107,4
DA:110,3
DA:111,3
DA:112,3
DA:114,3
DA:116,3
DA:118,3
DA:119,1
DA:121,3
DA:123,3
DA:127,1
DA:130,3
DA:133,1
DA:136,1
DA:139,3
LF:60
LH:57
BRDA:39,0,0,0
BRDA:39,0,1,3
BRDA:42,1,0,0
BRDA:42,1,1,3
BRDA:58,2,0,16
BRDA:58,2,1,0
BRDA:58,3,0,0
BRDA:58,3,1,16
BRDA:58,4,0,16
BRDA:58,4,1,16
BRDA:58,5,0,0
BRDA:58,5,1,16
BRDA:58,6,0,16
BRDA:58,6,1,16
BRDA:58,7,0,0
BRDA:58,7,1,16
BRDA:58,8,0,16
BRDA:58,8,1,16
BRDA:58,9,0,0
BRDA:58,9,1,16
BRDA:58,10,0,16
BRDA:58,10,1,16
BRDA:58,11,0,0
BRDA:58,11,1,16
BRDA:58,12,0,16
BRDA:58,12,1,16
BRDA:58,13,0,0
BRDA:58,13,1,16
BRDA:58,14,0,16
BRDA:58,14,1,16
BRDA:58,15,0,0
BRDA:58,15,1,16
BRDA:58,16,0,16
BRDA:58,16,1,16
BRDA:58,17,0,0
BRDA:58,17,1,16
BRDA:58,18,0,16
BRDA:58,18,1,16
BRDA:60,19,0,16
BRDA:60,19,1,10
BRDA:74,20,0,6
BRDA:74,20,1,0
BRDA:74,21,0,0
BRDA:74,21,1,6
BRDA:74,22,0,6
BRDA:74,22,1,6
BRDA:74,23,0,0
BRDA:74,23,1,6
BRDA:74,24,0,6
BRDA:74,24,1,6
BRDA:74,25,0,0
BRDA:74,25,1,6
BRDA:74,26,0,6
BRDA:74,26,1,6
BRDA:74,27,0,0
BRDA:74,27,1,6
BRDA:74,28,0,6
BRDA:74,28,1,6
BRDA:74,29,0,0
BRDA:74,29,1,6
BRDA:74,30,0,6
BRDA:74,30,1,6
BRDA:74,31,0,0
BRDA:74,31,1,6
BRDA:74,32,0,6
BRDA:74,32,1,6
BRDA:74,33,0,0
BRDA:74,33,1,6
BRDA:74,34,0,6
BRDA:74,34,1,6
BRDA:74,35,0,0
BRDA:74,35,1,6
BRDA:74,36,0,6
BRDA:74,36,1,6
BRDA:75,37,0,4
BRDA:75,37,1,2
BRDA:75,38,0,6
BRDA:75,38,1,2
BRDA:78,39,0,2
BRDA:78,39,1,2
BRDA:106,40,0,4
BRDA:106,40,1,4
BRDA:110,41,0,3
BRDA:110,41,1,2
BRDA:111,42,0,3
BRDA:111,42,1,0
BRDA:112,43,0,3
BRDA:112,43,1,2
BRDA:114,44,0,3
BRDA:114,44,1,2
BRDA:116,45,0,3
BRDA:116,45,1,0
BRF:92
BRH:70
end_of_record
